mode: set
gitlab.inspr.dev/inspr/core/cmd/insprd/memory/tree/channel-types.go:20.67,24.2 1 0
gitlab.inspr.dev/inspr/core/cmd/insprd/memory/tree/channel-types.go:31.100,34.16 2 0
gitlab.inspr.dev/inspr/core/cmd/insprd/memory/tree/channel-types.go:39.2,40.16 2 0
gitlab.inspr.dev/inspr/core/cmd/insprd/memory/tree/channel-types.go:44.2,44.40 1 0
gitlab.inspr.dev/inspr/core/cmd/insprd/memory/tree/channel-types.go:48.2,49.12 2 0
gitlab.inspr.dev/inspr/core/cmd/insprd/memory/tree/channel-types.go:34.16,37.3 1 0
gitlab.inspr.dev/inspr/core/cmd/insprd/memory/tree/channel-types.go:40.16,42.3 1 0
gitlab.inspr.dev/inspr/core/cmd/insprd/memory/tree/channel-types.go:44.40,46.3 1 0
gitlab.inspr.dev/inspr/core/cmd/insprd/memory/tree/channel-types.go:57.111,59.16 2 0
gitlab.inspr.dev/inspr/core/cmd/insprd/memory/tree/channel-types.go:65.2,65.40 1 0
gitlab.inspr.dev/inspr/core/cmd/insprd/memory/tree/channel-types.go:71.2,72.17 2 0
gitlab.inspr.dev/inspr/core/cmd/insprd/memory/tree/channel-types.go:59.16,63.3 1 0
gitlab.inspr.dev/inspr/core/cmd/insprd/memory/tree/channel-types.go:65.40,66.56 1 0
gitlab.inspr.dev/inspr/core/cmd/insprd/memory/tree/channel-types.go:66.56,68.4 1 0
gitlab.inspr.dev/inspr/core/cmd/insprd/memory/tree/channel-types.go:80.93,82.32 2 0
gitlab.inspr.dev/inspr/core/cmd/insprd/memory/tree/channel-types.go:87.2,88.16 2 0
gitlab.inspr.dev/inspr/core/cmd/insprd/memory/tree/channel-types.go:93.2,96.18 3 0
gitlab.inspr.dev/inspr/core/cmd/insprd/memory/tree/channel-types.go:100.2,100.12 1 0
gitlab.inspr.dev/inspr/core/cmd/insprd/memory/tree/channel-types.go:82.32,85.3 1 0
gitlab.inspr.dev/inspr/core/cmd/insprd/memory/tree/channel-types.go:88.16,91.3 1 0
gitlab.inspr.dev/inspr/core/cmd/insprd/memory/tree/channel-types.go:96.18,99.3 1 0
gitlab.inspr.dev/inspr/core/cmd/insprd/memory/tree/channel-types.go:108.100,111.16 2 0
gitlab.inspr.dev/inspr/core/cmd/insprd/memory/tree/channel-types.go:116.2,117.16 2 0
gitlab.inspr.dev/inspr/core/cmd/insprd/memory/tree/channel-types.go:122.2,123.12 2 0
gitlab.inspr.dev/inspr/core/cmd/insprd/memory/tree/channel-types.go:111.16,114.3 1 0
gitlab.inspr.dev/inspr/core/cmd/insprd/memory/tree/channel-types.go:117.16,120.3 1 0
gitlab.inspr.dev/inspr/core/cmd/insprd/memory/tree/mock-channel_type.go:13.98,15.2 1 0
gitlab.inspr.dev/inspr/core/cmd/insprd/memory/tree/mock-channel_type.go:18.109,20.2 1 0
gitlab.inspr.dev/inspr/core/cmd/insprd/memory/tree/mock-channel_type.go:23.91,25.2 1 0
gitlab.inspr.dev/inspr/core/cmd/insprd/memory/tree/mock-channel_type.go:28.96,30.2 1 0
gitlab.inspr.dev/inspr/core/cmd/insprd/api/handlers/channel_handler.go:18.67,22.2 1 0
gitlab.inspr.dev/inspr/core/cmd/insprd/api/handlers/channel_handler.go:26.62,27.58 1 0
gitlab.inspr.dev/inspr/core/cmd/insprd/api/handlers/channel_handler.go:44.2,44.30 1 0
gitlab.inspr.dev/inspr/core/cmd/insprd/api/handlers/channel_handler.go:27.58,32.32 4 0
gitlab.inspr.dev/inspr/core/cmd/insprd/api/handlers/channel_handler.go:37.3,38.17 2 0
gitlab.inspr.dev/inspr/core/cmd/insprd/api/handlers/channel_handler.go:42.3,42.31 1 0
gitlab.inspr.dev/inspr/core/cmd/insprd/api/handlers/channel_handler.go:32.32,35.4 2 0
gitlab.inspr.dev/inspr/core/cmd/insprd/api/handlers/channel_handler.go:38.17,41.4 2 0
gitlab.inspr.dev/inspr/core/cmd/insprd/api/handlers/channel_handler.go:49.64,50.58 1 0
gitlab.inspr.dev/inspr/core/cmd/insprd/api/handlers/channel_handler.go:67.2,67.30 1 0
gitlab.inspr.dev/inspr/core/cmd/insprd/api/handlers/channel_handler.go:50.58,55.32 4 0
gitlab.inspr.dev/inspr/core/cmd/insprd/api/handlers/channel_handler.go:60.3,61.17 2 0
gitlab.inspr.dev/inspr/core/cmd/insprd/api/handlers/channel_handler.go:65.3,65.39 1 0
gitlab.inspr.dev/inspr/core/cmd/insprd/api/handlers/channel_handler.go:55.32,58.4 2 0
gitlab.inspr.dev/inspr/core/cmd/insprd/api/handlers/channel_handler.go:61.17,64.4 2 0
gitlab.inspr.dev/inspr/core/cmd/insprd/api/handlers/channel_handler.go:72.62,73.58 1 0
gitlab.inspr.dev/inspr/core/cmd/insprd/api/handlers/channel_handler.go:90.2,90.30 1 0
gitlab.inspr.dev/inspr/core/cmd/insprd/api/handlers/channel_handler.go:73.58,78.32 4 0
gitlab.inspr.dev/inspr/core/cmd/insprd/api/handlers/channel_handler.go:83.3,84.17 2 0
gitlab.inspr.dev/inspr/core/cmd/insprd/api/handlers/channel_handler.go:88.3,88.31 1 0
gitlab.inspr.dev/inspr/core/cmd/insprd/api/handlers/channel_handler.go:78.32,81.4 2 0
gitlab.inspr.dev/inspr/core/cmd/insprd/api/handlers/channel_handler.go:84.17,87.4 2 0
gitlab.inspr.dev/inspr/core/cmd/insprd/api/handlers/channel_handler.go:95.62,96.58 1 0
gitlab.inspr.dev/inspr/core/cmd/insprd/api/handlers/channel_handler.go:113.2,113.30 1 0
gitlab.inspr.dev/inspr/core/cmd/insprd/api/handlers/channel_handler.go:96.58,101.32 4 0
gitlab.inspr.dev/inspr/core/cmd/insprd/api/handlers/channel_handler.go:106.3,107.17 2 0
gitlab.inspr.dev/inspr/core/cmd/insprd/api/handlers/channel_handler.go:111.3,111.31 1 0
gitlab.inspr.dev/inspr/core/cmd/insprd/api/handlers/channel_handler.go:101.32,104.4 2 0
gitlab.inspr.dev/inspr/core/cmd/insprd/api/handlers/channel_handler.go:107.17,110.4 2 0
gitlab.inspr.dev/inspr/core/cmd/insprd/api/handlers/channel_type_handler.go:20.75,24.2 1 0
gitlab.inspr.dev/inspr/core/cmd/insprd/api/handlers/channel_type_handler.go:28.71,29.58 1 0
gitlab.inspr.dev/inspr/core/cmd/insprd/api/handlers/channel_type_handler.go:46.2,46.30 1 0
gitlab.inspr.dev/inspr/core/cmd/insprd/api/handlers/channel_type_handler.go:29.58,34.32 4 0
gitlab.inspr.dev/inspr/core/cmd/insprd/api/handlers/channel_type_handler.go:39.3,40.17 2 0
gitlab.inspr.dev/inspr/core/cmd/insprd/api/handlers/channel_type_handler.go:44.3,44.31 1 0
gitlab.inspr.dev/inspr/core/cmd/insprd/api/handlers/channel_type_handler.go:34.32,37.4 2 0
gitlab.inspr.dev/inspr/core/cmd/insprd/api/handlers/channel_type_handler.go:40.17,43.4 2 0
gitlab.inspr.dev/inspr/core/cmd/insprd/api/handlers/channel_type_handler.go:51.73,52.58 1 0
gitlab.inspr.dev/inspr/core/cmd/insprd/api/handlers/channel_type_handler.go:69.2,69.30 1 0
gitlab.inspr.dev/inspr/core/cmd/insprd/api/handlers/channel_type_handler.go:52.58,57.32 4 0
gitlab.inspr.dev/inspr/core/cmd/insprd/api/handlers/channel_type_handler.go:62.3,63.17 2 0
gitlab.inspr.dev/inspr/core/cmd/insprd/api/handlers/channel_type_handler.go:67.3,67.43 1 0
gitlab.inspr.dev/inspr/core/cmd/insprd/api/handlers/channel_type_handler.go:57.32,60.4 2 0
gitlab.inspr.dev/inspr/core/cmd/insprd/api/handlers/channel_type_handler.go:63.17,66.4 2 0
gitlab.inspr.dev/inspr/core/cmd/insprd/api/handlers/channel_type_handler.go:74.71,75.58 1 0
gitlab.inspr.dev/inspr/core/cmd/insprd/api/handlers/channel_type_handler.go:92.2,92.30 1 0
gitlab.inspr.dev/inspr/core/cmd/insprd/api/handlers/channel_type_handler.go:75.58,80.32 4 0
gitlab.inspr.dev/inspr/core/cmd/insprd/api/handlers/channel_type_handler.go:85.3,86.17 2 0
gitlab.inspr.dev/inspr/core/cmd/insprd/api/handlers/channel_type_handler.go:90.3,90.31 1 0
gitlab.inspr.dev/inspr/core/cmd/insprd/api/handlers/channel_type_handler.go:80.32,83.4 2 0
gitlab.inspr.dev/inspr/core/cmd/insprd/api/handlers/channel_type_handler.go:86.17,89.4 2 0
gitlab.inspr.dev/inspr/core/cmd/insprd/api/handlers/channel_type_handler.go:97.71,98.58 1 0
gitlab.inspr.dev/inspr/core/cmd/insprd/api/handlers/channel_type_handler.go:115.2,115.30 1 0
gitlab.inspr.dev/inspr/core/cmd/insprd/api/handlers/channel_type_handler.go:98.58,103.32 4 0
gitlab.inspr.dev/inspr/core/cmd/insprd/api/handlers/channel_type_handler.go:108.3,109.17 2 0
gitlab.inspr.dev/inspr/core/cmd/insprd/api/handlers/channel_type_handler.go:113.3,113.31 1 0
gitlab.inspr.dev/inspr/core/cmd/insprd/api/handlers/channel_type_handler.go:103.32,106.4 2 0
gitlab.inspr.dev/inspr/core/cmd/insprd/api/handlers/channel_type_handler.go:109.17,112.4 2 0
gitlab.inspr.dev/inspr/core/cmd/insprd/memory/tree/mock-app.go:12.69,13.21 1 0
gitlab.inspr.dev/inspr/core/cmd/insprd/memory/tree/mock-app.go:16.2,16.23 1 0
gitlab.inspr.dev/inspr/core/cmd/insprd/memory/tree/mock-app.go:13.21,15.3 1 0
gitlab.inspr.dev/inspr/core/cmd/insprd/memory/tree/mock-app.go:20.76,22.2 1 0
gitlab.inspr.dev/inspr/core/cmd/insprd/memory/tree/mock-app.go:25.59,27.2 1 0
gitlab.inspr.dev/inspr/core/cmd/insprd/memory/tree/mock-app.go:30.74,32.2 1 0
gitlab.inspr.dev/inspr/core/cmd/insprd/main.go:6.13,8.2 1 0
gitlab.inspr.dev/inspr/core/cmd/insprd/api/mocks/channel.go:13.87,14.21 1 0
gitlab.inspr.dev/inspr/core/cmd/insprd/api/mocks/channel.go:17.2,17.29 1 0
gitlab.inspr.dev/inspr/core/cmd/insprd/api/mocks/channel.go:14.21,16.3 1 0
gitlab.inspr.dev/inspr/core/cmd/insprd/api/mocks/channel.go:21.76,22.21 1 0
gitlab.inspr.dev/inspr/core/cmd/insprd/api/mocks/channel.go:25.2,25.12 1 0
gitlab.inspr.dev/inspr/core/cmd/insprd/api/mocks/channel.go:22.21,24.3 1 0
gitlab.inspr.dev/inspr/core/cmd/insprd/api/mocks/channel.go:29.73,30.21 1 0
gitlab.inspr.dev/inspr/core/cmd/insprd/api/mocks/channel.go:33.2,33.12 1 0
gitlab.inspr.dev/inspr/core/cmd/insprd/api/mocks/channel.go:30.21,32.3 1 0
gitlab.inspr.dev/inspr/core/cmd/insprd/api/mocks/channel.go:37.76,38.21 1 0
gitlab.inspr.dev/inspr/core/cmd/insprd/api/mocks/channel.go:41.2,41.12 1 0
gitlab.inspr.dev/inspr/core/cmd/insprd/api/mocks/channel.go:38.21,40.3 1 0
gitlab.inspr.dev/inspr/core/cmd/insprd/api/handlers/app_handler.go:18.59,22.2 1 0
gitlab.inspr.dev/inspr/core/cmd/insprd/api/handlers/app_handler.go:26.54,28.58 1 0
gitlab.inspr.dev/inspr/core/cmd/insprd/api/handlers/app_handler.go:45.2,45.30 1 0
gitlab.inspr.dev/inspr/core/cmd/insprd/api/handlers/app_handler.go:28.58,33.32 4 0
gitlab.inspr.dev/inspr/core/cmd/insprd/api/handlers/app_handler.go:38.3,39.17 2 0
gitlab.inspr.dev/inspr/core/cmd/insprd/api/handlers/app_handler.go:43.3,43.31 1 0
gitlab.inspr.dev/inspr/core/cmd/insprd/api/handlers/app_handler.go:33.32,36.4 2 0
gitlab.inspr.dev/inspr/core/cmd/insprd/api/handlers/app_handler.go:39.17,42.4 2 0
gitlab.inspr.dev/inspr/core/cmd/insprd/api/handlers/app_handler.go:50.56,51.58 1 0
gitlab.inspr.dev/inspr/core/cmd/insprd/api/handlers/app_handler.go:67.2,67.30 1 0
gitlab.inspr.dev/inspr/core/cmd/insprd/api/handlers/app_handler.go:51.58,56.32 4 0
gitlab.inspr.dev/inspr/core/cmd/insprd/api/handlers/app_handler.go:60.3,61.17 2 0
gitlab.inspr.dev/inspr/core/cmd/insprd/api/handlers/app_handler.go:65.3,65.35 1 0
gitlab.inspr.dev/inspr/core/cmd/insprd/api/handlers/app_handler.go:56.32,59.4 2 0
gitlab.inspr.dev/inspr/core/cmd/insprd/api/handlers/app_handler.go:61.17,64.4 2 0
gitlab.inspr.dev/inspr/core/cmd/insprd/api/handlers/app_handler.go:72.54,73.58 1 0
gitlab.inspr.dev/inspr/core/cmd/insprd/api/handlers/app_handler.go:90.2,90.30 1 0
gitlab.inspr.dev/inspr/core/cmd/insprd/api/handlers/app_handler.go:73.58,78.32 4 0
gitlab.inspr.dev/inspr/core/cmd/insprd/api/handlers/app_handler.go:83.3,84.17 2 0
gitlab.inspr.dev/inspr/core/cmd/insprd/api/handlers/app_handler.go:78.32,81.4 2 0
gitlab.inspr.dev/inspr/core/cmd/insprd/api/handlers/app_handler.go:84.17,86.4 1 0
gitlab.inspr.dev/inspr/core/cmd/insprd/api/handlers/app_handler.go:86.9,88.4 1 0
gitlab.inspr.dev/inspr/core/cmd/insprd/api/handlers/app_handler.go:95.54,96.58 1 0
gitlab.inspr.dev/inspr/core/cmd/insprd/api/handlers/app_handler.go:113.2,113.30 1 0
gitlab.inspr.dev/inspr/core/cmd/insprd/api/handlers/app_handler.go:96.58,101.32 4 0
gitlab.inspr.dev/inspr/core/cmd/insprd/api/handlers/app_handler.go:106.3,107.17 2 0
gitlab.inspr.dev/inspr/core/cmd/insprd/api/handlers/app_handler.go:111.3,111.31 1 0
gitlab.inspr.dev/inspr/core/cmd/insprd/api/handlers/app_handler.go:101.32,104.4 2 0
gitlab.inspr.dev/inspr/core/cmd/insprd/api/handlers/app_handler.go:107.17,110.4 2 0
gitlab.inspr.dev/inspr/core/pkg/rest/middleware.go:6.33,7.54 1 0
gitlab.inspr.dev/inspr/core/pkg/rest/middleware.go:7.54,10.3 2 0
gitlab.inspr.dev/inspr/core/cmd/insprd/api/server.go:11.12,15.2 2 0
gitlab.inspr.dev/inspr/core/pkg/testutils/test.go:28.48,33.2 1 0
gitlab.inspr.dev/inspr/core/pkg/testutils/test.go:35.50,37.2 1 0
gitlab.inspr.dev/inspr/core/pkg/testutils/test.go:39.52,41.2 1 0
gitlab.inspr.dev/inspr/core/pkg/testutils/test.go:42.50,44.2 1 0
gitlab.inspr.dev/inspr/core/pkg/testutils/test.go:46.63,48.2 1 0
gitlab.inspr.dev/inspr/core/pkg/testutils/test.go:50.31,51.25 1 0
gitlab.inspr.dev/inspr/core/pkg/testutils/test.go:54.2,54.36 1 0
gitlab.inspr.dev/inspr/core/pkg/testutils/test.go:51.25,53.3 1 0
gitlab.inspr.dev/inspr/core/pkg/testutils/test.go:54.36,57.27 3 0
gitlab.inspr.dev/inspr/core/pkg/testutils/test.go:60.3,61.26 2 0
gitlab.inspr.dev/inspr/core/pkg/testutils/test.go:57.27,59.4 1 0
gitlab.inspr.dev/inspr/core/pkg/testutils/test.go:61.26,63.4 1 0
gitlab.inspr.dev/inspr/core/pkg/testutils/test.go:68.57,69.32 1 0
gitlab.inspr.dev/inspr/core/pkg/testutils/test.go:69.32,71.3 1 0
gitlab.inspr.dev/inspr/core/pkg/testutils/test.go:75.60,76.31 1 0
gitlab.inspr.dev/inspr/core/pkg/testutils/test.go:76.31,78.3 1 0
gitlab.inspr.dev/inspr/core/pkg/testutils/test.go:82.53,83.14 1 0
gitlab.inspr.dev/inspr/core/pkg/testutils/test.go:83.14,85.3 1 0
gitlab.inspr.dev/inspr/core/pkg/testutils/test.go:89.56,90.14 1 0
gitlab.inspr.dev/inspr/core/pkg/testutils/test.go:90.14,92.3 1 0
gitlab.inspr.dev/inspr/core/pkg/testutils/test.go:96.49,97.15 1 0
gitlab.inspr.dev/inspr/core/pkg/testutils/test.go:97.15,99.3 1 0
gitlab.inspr.dev/inspr/core/pkg/testutils/test.go:103.46,104.15 1 0
gitlab.inspr.dev/inspr/core/pkg/testutils/test.go:104.15,106.3 1 0
gitlab.inspr.dev/inspr/core/cmd/insprd/api/controllers/routes.go:9.31,11.77 2 0
gitlab.inspr.dev/inspr/core/cmd/insprd/api/controllers/routes.go:32.2,33.73 2 0
gitlab.inspr.dev/inspr/core/cmd/insprd/api/controllers/routes.go:54.2,55.81 2 0
gitlab.inspr.dev/inspr/core/cmd/insprd/api/controllers/routes.go:11.77,12.19 1 0
gitlab.inspr.dev/inspr/core/cmd/insprd/api/controllers/routes.go:14.23,15.49 1 0
gitlab.inspr.dev/inspr/core/cmd/insprd/api/controllers/routes.go:17.24,18.47 1 0
gitlab.inspr.dev/inspr/core/cmd/insprd/api/controllers/routes.go:20.23,21.47 1 0
gitlab.inspr.dev/inspr/core/cmd/insprd/api/controllers/routes.go:23.26,24.47 1 0
gitlab.inspr.dev/inspr/core/cmd/insprd/api/controllers/routes.go:26.11,28.10 2 0
gitlab.inspr.dev/inspr/core/cmd/insprd/api/controllers/routes.go:33.73,34.19 1 0
gitlab.inspr.dev/inspr/core/cmd/insprd/api/controllers/routes.go:36.23,37.45 1 0
gitlab.inspr.dev/inspr/core/cmd/insprd/api/controllers/routes.go:39.24,40.43 1 0
gitlab.inspr.dev/inspr/core/cmd/insprd/api/controllers/routes.go:42.23,43.43 1 0
gitlab.inspr.dev/inspr/core/cmd/insprd/api/controllers/routes.go:45.26,46.43 1 0
gitlab.inspr.dev/inspr/core/cmd/insprd/api/controllers/routes.go:48.11,50.10 2 0
gitlab.inspr.dev/inspr/core/cmd/insprd/api/controllers/routes.go:55.81,56.19 1 0
gitlab.inspr.dev/inspr/core/cmd/insprd/api/controllers/routes.go:58.23,59.54 1 0
gitlab.inspr.dev/inspr/core/cmd/insprd/api/controllers/routes.go:61.24,62.52 1 0
gitlab.inspr.dev/inspr/core/cmd/insprd/api/controllers/routes.go:64.23,65.52 1 0
gitlab.inspr.dev/inspr/core/cmd/insprd/api/controllers/routes.go:67.26,68.52 1 0
gitlab.inspr.dev/inspr/core/cmd/insprd/api/controllers/routes.go:70.11,72.10 2 0
gitlab.inspr.dev/inspr/core/cmd/insprd/memory/tree/dapp.go:19.51,23.2 1 0
gitlab.inspr.dev/inspr/core/cmd/insprd/memory/tree/dapp.go:32.70,33.17 1 0
gitlab.inspr.dev/inspr/core/cmd/insprd/memory/tree/dapp.go:37.2,41.19 4 0
gitlab.inspr.dev/inspr/core/cmd/insprd/memory/tree/dapp.go:51.2,51.17 1 0
gitlab.inspr.dev/inspr/core/cmd/insprd/memory/tree/dapp.go:33.17,35.3 1 0
gitlab.inspr.dev/inspr/core/cmd/insprd/memory/tree/dapp.go:41.19,42.37 1 0
gitlab.inspr.dev/inspr/core/cmd/insprd/memory/tree/dapp.go:48.3,48.21 1 0
gitlab.inspr.dev/inspr/core/cmd/insprd/memory/tree/dapp.go:42.37,44.21 2 0
gitlab.inspr.dev/inspr/core/cmd/insprd/memory/tree/dapp.go:44.21,46.5 1 0
gitlab.inspr.dev/inspr/core/cmd/insprd/memory/tree/dapp.go:57.77,58.42 1 0
gitlab.inspr.dev/inspr/core/cmd/insprd/memory/tree/dapp.go:62.2,63.16 2 0
gitlab.inspr.dev/inspr/core/cmd/insprd/memory/tree/dapp.go:67.2,68.27 2 0
gitlab.inspr.dev/inspr/core/cmd/insprd/memory/tree/dapp.go:85.2,85.73 1 0
gitlab.inspr.dev/inspr/core/cmd/insprd/memory/tree/dapp.go:58.42,60.3 1 0
gitlab.inspr.dev/inspr/core/cmd/insprd/memory/tree/dapp.go:63.16,65.3 1 0
gitlab.inspr.dev/inspr/core/cmd/insprd/memory/tree/dapp.go:68.27,69.27 1 0
gitlab.inspr.dev/inspr/core/cmd/insprd/memory/tree/dapp.go:72.3,75.34 3 0
gitlab.inspr.dev/inspr/core/cmd/insprd/memory/tree/dapp.go:82.3,82.13 1 0
gitlab.inspr.dev/inspr/core/cmd/insprd/memory/tree/dapp.go:69.27,71.4 1 0
gitlab.inspr.dev/inspr/core/cmd/insprd/memory/tree/dapp.go:75.34,77.45 2 0
gitlab.inspr.dev/inspr/core/cmd/insprd/memory/tree/dapp.go:77.45,79.5 1 0
gitlab.inspr.dev/inspr/core/cmd/insprd/memory/tree/dapp.go:94.60,95.17 1 0
gitlab.inspr.dev/inspr/core/cmd/insprd/memory/tree/dapp.go:99.2,100.16 2 0
gitlab.inspr.dev/inspr/core/cmd/insprd/memory/tree/dapp.go:103.2,104.22 2 0
gitlab.inspr.dev/inspr/core/cmd/insprd/memory/tree/dapp.go:108.2,110.12 2 0
gitlab.inspr.dev/inspr/core/cmd/insprd/memory/tree/dapp.go:95.17,97.3 1 0
gitlab.inspr.dev/inspr/core/cmd/insprd/memory/tree/dapp.go:100.16,102.3 1 0
gitlab.inspr.dev/inspr/core/cmd/insprd/memory/tree/dapp.go:104.22,106.3 1 0
gitlab.inspr.dev/inspr/core/cmd/insprd/memory/tree/dapp.go:116.75,118.16 2 0
gitlab.inspr.dev/inspr/core/cmd/insprd/memory/tree/dapp.go:122.2,122.43 1 0
gitlab.inspr.dev/inspr/core/cmd/insprd/memory/tree/dapp.go:125.2,125.63 1 0
gitlab.inspr.dev/inspr/core/cmd/insprd/memory/tree/dapp.go:129.2,130.27 2 0
gitlab.inspr.dev/inspr/core/cmd/insprd/memory/tree/dapp.go:134.2,139.12 5 0
gitlab.inspr.dev/inspr/core/cmd/insprd/memory/tree/dapp.go:118.16,120.3 1 0
gitlab.inspr.dev/inspr/core/cmd/insprd/memory/tree/dapp.go:122.43,124.3 1 0
gitlab.inspr.dev/inspr/core/cmd/insprd/memory/tree/dapp.go:125.63,127.3 1 0
gitlab.inspr.dev/inspr/core/cmd/insprd/memory/tree/dapp.go:130.27,132.3 1 0
gitlab.inspr.dev/inspr/core/cmd/insprd/memory/tree/dapp.go:143.56,151.21 8 0
gitlab.inspr.dev/inspr/core/cmd/insprd/memory/tree/dapp.go:155.2,155.16 1 0
gitlab.inspr.dev/inspr/core/cmd/insprd/memory/tree/dapp.go:158.2,158.24 1 0
gitlab.inspr.dev/inspr/core/cmd/insprd/memory/tree/dapp.go:161.2,161.24 1 0
gitlab.inspr.dev/inspr/core/cmd/insprd/memory/tree/dapp.go:165.2,165.23 1 0
gitlab.inspr.dev/inspr/core/cmd/insprd/memory/tree/dapp.go:151.21,153.3 1 0
gitlab.inspr.dev/inspr/core/cmd/insprd/memory/tree/dapp.go:155.16,157.3 1 0
gitlab.inspr.dev/inspr/core/cmd/insprd/memory/tree/dapp.go:158.24,160.3 1 0
gitlab.inspr.dev/inspr/core/cmd/insprd/memory/tree/dapp.go:161.24,163.3 1 0
gitlab.inspr.dev/inspr/core/cmd/insprd/memory/tree/dapp.go:168.39,175.2 5 0
gitlab.inspr.dev/inspr/core/cmd/insprd/memory/tree/dapp.go:177.94,179.30 2 0
gitlab.inspr.dev/inspr/core/cmd/insprd/memory/tree/dapp.go:201.2,201.23 1 0
gitlab.inspr.dev/inspr/core/cmd/insprd/memory/tree/dapp.go:179.30,181.3 1 0
gitlab.inspr.dev/inspr/core/cmd/insprd/memory/tree/dapp.go:181.8,182.27 1 0
gitlab.inspr.dev/inspr/core/cmd/insprd/memory/tree/dapp.go:191.3,191.28 1 0
gitlab.inspr.dev/inspr/core/cmd/insprd/memory/tree/dapp.go:182.27,183.38 1 0
gitlab.inspr.dev/inspr/core/cmd/insprd/memory/tree/dapp.go:183.38,184.37 1 0
gitlab.inspr.dev/inspr/core/cmd/insprd/memory/tree/dapp.go:184.37,186.11 2 0
gitlab.inspr.dev/inspr/core/cmd/insprd/memory/tree/dapp.go:191.28,192.40 1 0
gitlab.inspr.dev/inspr/core/cmd/insprd/memory/tree/dapp.go:192.40,193.38 1 0
gitlab.inspr.dev/inspr/core/cmd/insprd/memory/tree/dapp.go:193.38,195.11 2 0
gitlab.inspr.dev/inspr/core/cmd/insprd/memory/tree/dapp.go:204.55,211.2 4 0
gitlab.inspr.dev/inspr/core/cmd/insprd/memory/tree/dapp.go:213.74,215.16 2 0
gitlab.inspr.dev/inspr/core/cmd/insprd/memory/tree/dapp.go:219.2,219.30 1 0
gitlab.inspr.dev/inspr/core/cmd/insprd/memory/tree/dapp.go:231.2,232.16 2 0
gitlab.inspr.dev/inspr/core/cmd/insprd/memory/tree/dapp.go:236.2,236.111 1 0
gitlab.inspr.dev/inspr/core/cmd/insprd/memory/tree/dapp.go:240.2,240.41 1 0
gitlab.inspr.dev/inspr/core/cmd/insprd/memory/tree/dapp.go:260.2,260.12 1 0
gitlab.inspr.dev/inspr/core/cmd/insprd/memory/tree/dapp.go:215.16,217.3 1 0
gitlab.inspr.dev/inspr/core/cmd/insprd/memory/tree/dapp.go:219.30,221.23 2 0
gitlab.inspr.dev/inspr/core/cmd/insprd/memory/tree/dapp.go:225.3,226.23 2 0
gitlab.inspr.dev/inspr/core/cmd/insprd/memory/tree/dapp.go:221.23,223.4 1 0
gitlab.inspr.dev/inspr/core/cmd/insprd/memory/tree/dapp.go:226.23,228.4 1 0
gitlab.inspr.dev/inspr/core/cmd/insprd/memory/tree/dapp.go:232.16,234.3 1 0
gitlab.inspr.dev/inspr/core/cmd/insprd/memory/tree/dapp.go:236.111,238.3 1 0
gitlab.inspr.dev/inspr/core/cmd/insprd/memory/tree/dapp.go:240.41,241.54 1 0
gitlab.inspr.dev/inspr/core/cmd/insprd/memory/tree/dapp.go:241.54,244.22 3 0
gitlab.inspr.dev/inspr/core/cmd/insprd/memory/tree/dapp.go:244.22,247.30 3 0
gitlab.inspr.dev/inspr/core/cmd/insprd/memory/tree/dapp.go:247.30,249.6 1 0
gitlab.inspr.dev/inspr/core/cmd/insprd/memory/tree/dapp.go:250.10,253.26 3 0
gitlab.inspr.dev/inspr/core/cmd/insprd/memory/tree/dapp.go:253.26,255.6 1 0
gitlab.inspr.dev/inspr/core/cmd/insprd/memory/tree/dapp.go:263.99,271.16 3 0
gitlab.inspr.dev/inspr/core/cmd/insprd/memory/tree/dapp.go:274.2,274.28 1 0
gitlab.inspr.dev/inspr/core/cmd/insprd/memory/tree/dapp.go:282.2,283.16 2 0
gitlab.inspr.dev/inspr/core/cmd/insprd/memory/tree/dapp.go:286.2,286.32 1 0
gitlab.inspr.dev/inspr/core/cmd/insprd/memory/tree/dapp.go:294.2,295.16 2 0
gitlab.inspr.dev/inspr/core/cmd/insprd/memory/tree/dapp.go:298.2,298.30 1 0
gitlab.inspr.dev/inspr/core/cmd/insprd/memory/tree/dapp.go:306.2,306.31 1 0
gitlab.inspr.dev/inspr/core/cmd/insprd/memory/tree/dapp.go:271.16,273.3 1 0
gitlab.inspr.dev/inspr/core/cmd/insprd/memory/tree/dapp.go:274.28,275.39 1 0
gitlab.inspr.dev/inspr/core/cmd/insprd/memory/tree/dapp.go:275.39,276.76 1 0
gitlab.inspr.dev/inspr/core/cmd/insprd/memory/tree/dapp.go:276.76,278.5 1 0
gitlab.inspr.dev/inspr/core/cmd/insprd/memory/tree/dapp.go:283.16,285.3 1 0
gitlab.inspr.dev/inspr/core/cmd/insprd/memory/tree/dapp.go:286.32,287.43 1 0
gitlab.inspr.dev/inspr/core/cmd/insprd/memory/tree/dapp.go:287.43,288.80 1 0
gitlab.inspr.dev/inspr/core/cmd/insprd/memory/tree/dapp.go:288.80,290.5 1 0
gitlab.inspr.dev/inspr/core/cmd/insprd/memory/tree/dapp.go:295.16,297.3 1 0
gitlab.inspr.dev/inspr/core/cmd/insprd/memory/tree/dapp.go:298.30,299.41 1 0
gitlab.inspr.dev/inspr/core/cmd/insprd/memory/tree/dapp.go:299.41,300.78 1 0
gitlab.inspr.dev/inspr/core/cmd/insprd/memory/tree/dapp.go:300.78,302.5 1 0
gitlab.inspr.dev/inspr/core/cmd/insprd/memory/tree/dapp.go:309.33,311.2 1 0
gitlab.inspr.dev/inspr/core/cmd/insprd/memory/tree/dapp.go:316.72,320.21 3 0
gitlab.inspr.dev/inspr/core/cmd/insprd/memory/tree/dapp.go:331.2,331.13 1 0
gitlab.inspr.dev/inspr/core/cmd/insprd/memory/tree/dapp.go:320.21,321.39 1 0
gitlab.inspr.dev/inspr/core/cmd/insprd/memory/tree/dapp.go:329.3,329.15 1 0
gitlab.inspr.dev/inspr/core/cmd/insprd/memory/tree/dapp.go:321.39,324.54 2 0
gitlab.inspr.dev/inspr/core/cmd/insprd/memory/tree/dapp.go:324.54,327.5 1 0
gitlab.inspr.dev/inspr/core/cmd/insprd/memory/tree/mock-channel.go:13.97,15.2 1 0
gitlab.inspr.dev/inspr/core/cmd/insprd/memory/tree/mock-channel.go:18.86,20.2 1 0
gitlab.inspr.dev/inspr/core/cmd/insprd/memory/tree/mock-channel.go:23.83,25.2 1 0
gitlab.inspr.dev/inspr/core/cmd/insprd/memory/tree/mock-channel.go:28.84,30.2 1 0
gitlab.inspr.dev/inspr/core/cmd/insprd/memory/tree/mock-manager.go:18.57,19.15 1 0
gitlab.inspr.dev/inspr/core/cmd/insprd/memory/tree/mock-manager.go:24.2,26.3 1 0
gitlab.inspr.dev/inspr/core/cmd/insprd/memory/tree/mock-manager.go:19.15,23.3 1 0
gitlab.inspr.dev/inspr/core/cmd/insprd/memory/tree/mock-manager.go:30.65,31.16 1 0
gitlab.inspr.dev/inspr/core/cmd/insprd/memory/tree/mock-manager.go:36.2,38.3 1 0
gitlab.inspr.dev/inspr/core/cmd/insprd/memory/tree/mock-manager.go:31.16,35.3 1 0
gitlab.inspr.dev/inspr/core/cmd/insprd/memory/tree/mock-manager.go:42.49,43.15 1 0
gitlab.inspr.dev/inspr/core/cmd/insprd/memory/tree/mock-manager.go:49.2,51.3 1 0
gitlab.inspr.dev/inspr/core/cmd/insprd/memory/tree/mock-manager.go:43.15,48.3 1 0
gitlab.inspr.dev/inspr/core/cmd/insprd/api/mocks/channel_type.go:13.102,14.24 1 0
gitlab.inspr.dev/inspr/core/cmd/insprd/api/mocks/channel_type.go:17.2,17.33 1 0
gitlab.inspr.dev/inspr/core/cmd/insprd/api/mocks/channel_type.go:14.24,16.3 1 0
gitlab.inspr.dev/inspr/core/cmd/insprd/api/mocks/channel_type.go:21.91,22.24 1 0
gitlab.inspr.dev/inspr/core/cmd/insprd/api/mocks/channel_type.go:25.2,25.12 1 0
gitlab.inspr.dev/inspr/core/cmd/insprd/api/mocks/channel_type.go:22.24,24.3 1 0
gitlab.inspr.dev/inspr/core/cmd/insprd/api/mocks/channel_type.go:29.84,30.24 1 0
gitlab.inspr.dev/inspr/core/cmd/insprd/api/mocks/channel_type.go:33.2,33.12 1 0
gitlab.inspr.dev/inspr/core/cmd/insprd/api/mocks/channel_type.go:30.24,32.3 1 0
gitlab.inspr.dev/inspr/core/cmd/insprd/api/mocks/channel_type.go:37.91,38.24 1 0
gitlab.inspr.dev/inspr/core/cmd/insprd/api/mocks/channel_type.go:41.2,41.12 1 0
gitlab.inspr.dev/inspr/core/cmd/insprd/api/mocks/channel_type.go:38.24,40.3 1 0
gitlab.inspr.dev/inspr/core/cmd/insprd/api/mocks/dapp.go:13.59,14.22 1 0
gitlab.inspr.dev/inspr/core/cmd/insprd/api/mocks/dapp.go:17.2,17.25 1 0
gitlab.inspr.dev/inspr/core/cmd/insprd/api/mocks/dapp.go:14.22,16.3 1 0
gitlab.inspr.dev/inspr/core/cmd/insprd/api/mocks/dapp.go:21.66,22.22 1 0
gitlab.inspr.dev/inspr/core/cmd/insprd/api/mocks/dapp.go:25.2,25.12 1 0
gitlab.inspr.dev/inspr/core/cmd/insprd/api/mocks/dapp.go:22.22,24.3 1 0
gitlab.inspr.dev/inspr/core/cmd/insprd/api/mocks/dapp.go:29.49,30.22 1 0
gitlab.inspr.dev/inspr/core/cmd/insprd/api/mocks/dapp.go:33.2,33.12 1 0
gitlab.inspr.dev/inspr/core/cmd/insprd/api/mocks/dapp.go:30.22,32.3 1 0
gitlab.inspr.dev/inspr/core/cmd/insprd/api/mocks/dapp.go:37.64,38.22 1 0
gitlab.inspr.dev/inspr/core/cmd/insprd/api/mocks/dapp.go:41.2,41.12 1 0
gitlab.inspr.dev/inspr/core/cmd/insprd/api/mocks/dapp.go:38.22,40.3 1 0
gitlab.inspr.dev/inspr/core/pkg/ierrors/error.go:16.39,18.2 1 1
gitlab.inspr.dev/inspr/core/pkg/ierrors/error.go:21.29,25.2 1 1
gitlab.inspr.dev/inspr/core/pkg/ierrors/error.go:28.45,31.2 2 1
gitlab.inspr.dev/inspr/core/pkg/ierrors/error.go:34.50,37.2 2 1
gitlab.inspr.dev/inspr/core/pkg/ierrors/error.go:40.47,43.2 2 1
gitlab.inspr.dev/inspr/core/pkg/ierrors/error.go:46.51,49.2 2 1
gitlab.inspr.dev/inspr/core/pkg/ierrors/error.go:52.48,55.2 2 1
gitlab.inspr.dev/inspr/core/pkg/ierrors/error.go:58.47,61.2 2 1
gitlab.inspr.dev/inspr/core/pkg/ierrors/error.go:64.51,67.2 2 1
gitlab.inspr.dev/inspr/core/pkg/ierrors/error.go:70.55,73.2 2 1
gitlab.inspr.dev/inspr/core/pkg/ierrors/error.go:76.54,79.2 2 1
gitlab.inspr.dev/inspr/core/pkg/ierrors/error.go:82.56,85.2 2 1
gitlab.inspr.dev/inspr/core/pkg/ierrors/error.go:88.42,90.2 1 1
gitlab.inspr.dev/inspr/core/pkg/ierrors/error.go:93.46,95.9 2 1
gitlab.inspr.dev/inspr/core/pkg/ierrors/error.go:98.2,98.27 1 1
gitlab.inspr.dev/inspr/core/pkg/ierrors/error.go:95.9,97.3 1 0
gitlab.inspr.dev/inspr/core/pkg/ierrors/error.go:102.58,104.2 1 1
gitlab.inspr.dev/inspr/core/pkg/rest/utils.go:10.68,13.16 3 0
gitlab.inspr.dev/inspr/core/pkg/rest/utils.go:13.16,15.3 1 0
gitlab.inspr.dev/inspr/core/pkg/rest/utils.go:19.62,20.16 1 0
gitlab.inspr.dev/inspr/core/pkg/rest/utils.go:20.16,26.3 1 0
gitlab.inspr.dev/inspr/core/pkg/rest/utils.go:26.8,28.3 1 0
gitlab.inspr.dev/inspr/core/cmd/insprd/api/controllers/base.go:19.42,23.2 3 0
gitlab.inspr.dev/inspr/core/cmd/insprd/api/controllers/base.go:26.35,29.2 2 0
gitlab.inspr.dev/inspr/core/pkg/rest/handler.go:19.53,21.2 1 0
gitlab.inspr.dev/inspr/core/pkg/rest/handler.go:24.32,25.54 1 0
gitlab.inspr.dev/inspr/core/pkg/rest/handler.go:25.54,26.33 1 0
gitlab.inspr.dev/inspr/core/pkg/rest/handler.go:31.3,31.10 1 0
gitlab.inspr.dev/inspr/core/pkg/rest/handler.go:26.33,30.4 3 0
gitlab.inspr.dev/inspr/core/pkg/rest/handler.go:36.33,37.54 1 0
gitlab.inspr.dev/inspr/core/pkg/rest/handler.go:37.54,38.34 1 0
gitlab.inspr.dev/inspr/core/pkg/rest/handler.go:43.3,43.10 1 0
gitlab.inspr.dev/inspr/core/pkg/rest/handler.go:38.34,42.4 3 0
gitlab.inspr.dev/inspr/core/pkg/rest/handler.go:48.35,49.54 1 0
gitlab.inspr.dev/inspr/core/pkg/rest/handler.go:49.54,50.36 1 0
gitlab.inspr.dev/inspr/core/pkg/rest/handler.go:55.3,55.10 1 0
gitlab.inspr.dev/inspr/core/pkg/rest/handler.go:50.36,54.4 3 0
gitlab.inspr.dev/inspr/core/pkg/rest/handler.go:60.32,61.54 1 0
gitlab.inspr.dev/inspr/core/pkg/rest/handler.go:61.54,62.33 1 0
gitlab.inspr.dev/inspr/core/pkg/rest/handler.go:67.3,67.10 1 0
gitlab.inspr.dev/inspr/core/pkg/rest/handler.go:62.33,66.4 3 0
gitlab.inspr.dev/inspr/core/cmd/insprd/memory/tree/channel.go:18.59,22.2 1 0
gitlab.inspr.dev/inspr/core/cmd/insprd/memory/tree/channel.go:29.99,31.16 2 0
gitlab.inspr.dev/inspr/core/cmd/insprd/memory/tree/channel.go:36.2,36.36 1 0
gitlab.inspr.dev/inspr/core/cmd/insprd/memory/tree/channel.go:42.2,43.22 2 0
gitlab.inspr.dev/inspr/core/cmd/insprd/memory/tree/channel.go:31.16,34.3 2 0
gitlab.inspr.dev/inspr/core/cmd/insprd/memory/tree/channel.go:36.36,37.52 1 0
gitlab.inspr.dev/inspr/core/cmd/insprd/memory/tree/channel.go:37.52,39.4 1 0
gitlab.inspr.dev/inspr/core/cmd/insprd/memory/tree/channel.go:50.88,52.27 2 0
gitlab.inspr.dev/inspr/core/cmd/insprd/memory/tree/channel.go:56.2,57.16 2 0
gitlab.inspr.dev/inspr/core/cmd/insprd/memory/tree/channel.go:62.2,62.61 1 0
gitlab.inspr.dev/inspr/core/cmd/insprd/memory/tree/channel.go:66.2,66.36 1 0
gitlab.inspr.dev/inspr/core/cmd/insprd/memory/tree/channel.go:69.2,71.12 2 0
gitlab.inspr.dev/inspr/core/cmd/insprd/memory/tree/channel.go:52.27,54.3 1 0
gitlab.inspr.dev/inspr/core/cmd/insprd/memory/tree/channel.go:57.16,60.3 2 0
gitlab.inspr.dev/inspr/core/cmd/insprd/memory/tree/channel.go:62.61,64.3 1 0
gitlab.inspr.dev/inspr/core/cmd/insprd/memory/tree/channel.go:66.36,68.3 1 0
gitlab.inspr.dev/inspr/core/cmd/insprd/memory/tree/channel.go:80.85,82.16 2 0
gitlab.inspr.dev/inspr/core/cmd/insprd/memory/tree/channel.go:87.2,91.12 3 0
gitlab.inspr.dev/inspr/core/cmd/insprd/memory/tree/channel.go:82.16,85.3 2 0
gitlab.inspr.dev/inspr/core/cmd/insprd/memory/tree/channel.go:100.88,102.16 2 0
gitlab.inspr.dev/inspr/core/cmd/insprd/memory/tree/channel.go:107.2,109.61 2 0
gitlab.inspr.dev/inspr/core/cmd/insprd/memory/tree/channel.go:113.2,115.12 2 0
gitlab.inspr.dev/inspr/core/cmd/insprd/memory/tree/channel.go:102.16,105.3 2 0
gitlab.inspr.dev/inspr/core/cmd/insprd/memory/tree/channel.go:109.61,111.3 1 0
gitlab.inspr.dev/inspr/core/cmd/insprd/memory/tree/manager.go:16.37,17.17 1 0
gitlab.inspr.dev/inspr/core/cmd/insprd/memory/tree/manager.go:20.2,20.13 1 0
gitlab.inspr.dev/inspr/core/cmd/insprd/memory/tree/manager.go:17.17,19.3 1 0
gitlab.inspr.dev/inspr/core/cmd/insprd/memory/tree/manager.go:23.37,36.2 1 0
gitlab.inspr.dev/inspr/core/cmd/insprd/memory/tree/manager.go:38.34,40.2 1 0
gitlab.inspr.dev/inspr/core/cmd/insprd/api/mocks/mem_manager.go:16.54,28.2 1 0
gitlab.inspr.dev/inspr/core/cmd/insprd/api/mocks/mem_manager.go:31.47,33.2 1 0
gitlab.inspr.dev/inspr/core/cmd/insprd/api/mocks/mem_manager.go:36.55,38.2 1 0
gitlab.inspr.dev/inspr/core/cmd/insprd/api/mocks/mem_manager.go:41.63,43.2 1 0
gitlab.inspr.dev/inspr/core/pkg/rest/utils.go:10.68,13.16 3 1
gitlab.inspr.dev/inspr/core/pkg/rest/utils.go:13.16,15.3 1 0
gitlab.inspr.dev/inspr/core/pkg/rest/utils.go:19.62,20.16 1 1
gitlab.inspr.dev/inspr/core/pkg/rest/utils.go:20.16,26.3 1 1
gitlab.inspr.dev/inspr/core/pkg/rest/utils.go:26.8,28.3 1 0
gitlab.inspr.dev/inspr/core/cmd/insprd/memory/tree/channel-types.go:20.67,24.2 1 0
gitlab.inspr.dev/inspr/core/cmd/insprd/memory/tree/channel-types.go:31.100,34.16 2 0
gitlab.inspr.dev/inspr/core/cmd/insprd/memory/tree/channel-types.go:39.2,40.16 2 0
gitlab.inspr.dev/inspr/core/cmd/insprd/memory/tree/channel-types.go:44.2,44.40 1 0
gitlab.inspr.dev/inspr/core/cmd/insprd/memory/tree/channel-types.go:48.2,49.12 2 0
gitlab.inspr.dev/inspr/core/cmd/insprd/memory/tree/channel-types.go:34.16,37.3 1 0
gitlab.inspr.dev/inspr/core/cmd/insprd/memory/tree/channel-types.go:40.16,42.3 1 0
gitlab.inspr.dev/inspr/core/cmd/insprd/memory/tree/channel-types.go:44.40,46.3 1 0
gitlab.inspr.dev/inspr/core/cmd/insprd/memory/tree/channel-types.go:57.111,59.16 2 0
gitlab.inspr.dev/inspr/core/cmd/insprd/memory/tree/channel-types.go:65.2,65.40 1 0
gitlab.inspr.dev/inspr/core/cmd/insprd/memory/tree/channel-types.go:71.2,72.17 2 0
gitlab.inspr.dev/inspr/core/cmd/insprd/memory/tree/channel-types.go:59.16,63.3 1 0
gitlab.inspr.dev/inspr/core/cmd/insprd/memory/tree/channel-types.go:65.40,66.56 1 0
gitlab.inspr.dev/inspr/core/cmd/insprd/memory/tree/channel-types.go:66.56,68.4 1 0
gitlab.inspr.dev/inspr/core/cmd/insprd/memory/tree/channel-types.go:80.93,82.32 2 0
gitlab.inspr.dev/inspr/core/cmd/insprd/memory/tree/channel-types.go:87.2,88.16 2 0
gitlab.inspr.dev/inspr/core/cmd/insprd/memory/tree/channel-types.go:93.2,96.18 3 0
gitlab.inspr.dev/inspr/core/cmd/insprd/memory/tree/channel-types.go:100.2,100.12 1 0
gitlab.inspr.dev/inspr/core/cmd/insprd/memory/tree/channel-types.go:82.32,85.3 1 0
gitlab.inspr.dev/inspr/core/cmd/insprd/memory/tree/channel-types.go:88.16,91.3 1 0
gitlab.inspr.dev/inspr/core/cmd/insprd/memory/tree/channel-types.go:96.18,99.3 1 0
gitlab.inspr.dev/inspr/core/cmd/insprd/memory/tree/channel-types.go:108.100,111.16 2 0
gitlab.inspr.dev/inspr/core/cmd/insprd/memory/tree/channel-types.go:116.2,117.16 2 0
gitlab.inspr.dev/inspr/core/cmd/insprd/memory/tree/channel-types.go:122.2,123.12 2 0
gitlab.inspr.dev/inspr/core/cmd/insprd/memory/tree/channel-types.go:111.16,114.3 1 0
gitlab.inspr.dev/inspr/core/cmd/insprd/memory/tree/channel-types.go:117.16,120.3 1 0
gitlab.inspr.dev/inspr/core/cmd/insprd/memory/tree/channel.go:18.59,22.2 1 0
gitlab.inspr.dev/inspr/core/cmd/insprd/memory/tree/channel.go:29.99,31.16 2 0
gitlab.inspr.dev/inspr/core/cmd/insprd/memory/tree/channel.go:36.2,36.36 1 0
gitlab.inspr.dev/inspr/core/cmd/insprd/memory/tree/channel.go:42.2,43.22 2 0
gitlab.inspr.dev/inspr/core/cmd/insprd/memory/tree/channel.go:31.16,34.3 2 0
gitlab.inspr.dev/inspr/core/cmd/insprd/memory/tree/channel.go:36.36,37.52 1 0
gitlab.inspr.dev/inspr/core/cmd/insprd/memory/tree/channel.go:37.52,39.4 1 0
gitlab.inspr.dev/inspr/core/cmd/insprd/memory/tree/channel.go:50.88,52.27 2 0
gitlab.inspr.dev/inspr/core/cmd/insprd/memory/tree/channel.go:56.2,57.16 2 0
gitlab.inspr.dev/inspr/core/cmd/insprd/memory/tree/channel.go:62.2,62.61 1 0
gitlab.inspr.dev/inspr/core/cmd/insprd/memory/tree/channel.go:66.2,66.36 1 0
gitlab.inspr.dev/inspr/core/cmd/insprd/memory/tree/channel.go:69.2,71.12 2 0
gitlab.inspr.dev/inspr/core/cmd/insprd/memory/tree/channel.go:52.27,54.3 1 0
gitlab.inspr.dev/inspr/core/cmd/insprd/memory/tree/channel.go:57.16,60.3 2 0
gitlab.inspr.dev/inspr/core/cmd/insprd/memory/tree/channel.go:62.61,64.3 1 0
gitlab.inspr.dev/inspr/core/cmd/insprd/memory/tree/channel.go:66.36,68.3 1 0
gitlab.inspr.dev/inspr/core/cmd/insprd/memory/tree/channel.go:80.85,82.16 2 0
gitlab.inspr.dev/inspr/core/cmd/insprd/memory/tree/channel.go:87.2,91.12 3 0
gitlab.inspr.dev/inspr/core/cmd/insprd/memory/tree/channel.go:82.16,85.3 2 0
gitlab.inspr.dev/inspr/core/cmd/insprd/memory/tree/channel.go:100.88,102.16 2 0
gitlab.inspr.dev/inspr/core/cmd/insprd/memory/tree/channel.go:107.2,109.61 2 0
gitlab.inspr.dev/inspr/core/cmd/insprd/memory/tree/channel.go:113.2,115.12 2 0
gitlab.inspr.dev/inspr/core/cmd/insprd/memory/tree/channel.go:102.16,105.3 2 0
gitlab.inspr.dev/inspr/core/cmd/insprd/memory/tree/channel.go:109.61,111.3 1 0
gitlab.inspr.dev/inspr/core/cmd/insprd/memory/tree/mock-app.go:12.69,13.21 1 0
gitlab.inspr.dev/inspr/core/cmd/insprd/memory/tree/mock-app.go:16.2,16.23 1 0
gitlab.inspr.dev/inspr/core/cmd/insprd/memory/tree/mock-app.go:13.21,15.3 1 0
gitlab.inspr.dev/inspr/core/cmd/insprd/memory/tree/mock-app.go:20.76,22.2 1 0
gitlab.inspr.dev/inspr/core/cmd/insprd/memory/tree/mock-app.go:25.59,27.2 1 0
gitlab.inspr.dev/inspr/core/cmd/insprd/memory/tree/mock-app.go:30.74,32.2 1 0
gitlab.inspr.dev/inspr/core/cmd/insprd/memory/tree/manager.go:16.37,17.17 1 0
gitlab.inspr.dev/inspr/core/cmd/insprd/memory/tree/manager.go:20.2,20.13 1 0
gitlab.inspr.dev/inspr/core/cmd/insprd/memory/tree/manager.go:17.17,19.3 1 0
gitlab.inspr.dev/inspr/core/cmd/insprd/memory/tree/manager.go:23.37,36.2 1 0
gitlab.inspr.dev/inspr/core/cmd/insprd/memory/tree/manager.go:38.34,40.2 1 0
gitlab.inspr.dev/inspr/core/cmd/insprd/api/handlers/channel_handler.go:18.67,22.2 1 1
gitlab.inspr.dev/inspr/core/cmd/insprd/api/handlers/channel_handler.go:26.62,27.58 1 1
gitlab.inspr.dev/inspr/core/cmd/insprd/api/handlers/channel_handler.go:44.2,44.30 1 1
gitlab.inspr.dev/inspr/core/cmd/insprd/api/handlers/channel_handler.go:27.58,32.32 4 1
gitlab.inspr.dev/inspr/core/cmd/insprd/api/handlers/channel_handler.go:37.3,38.17 2 0
gitlab.inspr.dev/inspr/core/cmd/insprd/api/handlers/channel_handler.go:42.3,42.31 1 0
gitlab.inspr.dev/inspr/core/cmd/insprd/api/handlers/channel_handler.go:32.32,35.4 2 1
gitlab.inspr.dev/inspr/core/cmd/insprd/api/handlers/channel_handler.go:38.17,41.4 2 0
gitlab.inspr.dev/inspr/core/cmd/insprd/api/handlers/channel_handler.go:49.64,50.58 1 1
gitlab.inspr.dev/inspr/core/cmd/insprd/api/handlers/channel_handler.go:67.2,67.30 1 1
gitlab.inspr.dev/inspr/core/cmd/insprd/api/handlers/channel_handler.go:50.58,55.32 4 1
gitlab.inspr.dev/inspr/core/cmd/insprd/api/handlers/channel_handler.go:60.3,61.17 2 0
gitlab.inspr.dev/inspr/core/cmd/insprd/api/handlers/channel_handler.go:65.3,65.39 1 0
gitlab.inspr.dev/inspr/core/cmd/insprd/api/handlers/channel_handler.go:55.32,58.4 2 1
gitlab.inspr.dev/inspr/core/cmd/insprd/api/handlers/channel_handler.go:61.17,64.4 2 0
gitlab.inspr.dev/inspr/core/cmd/insprd/api/handlers/channel_handler.go:72.62,73.58 1 1
gitlab.inspr.dev/inspr/core/cmd/insprd/api/handlers/channel_handler.go:90.2,90.30 1 1
gitlab.inspr.dev/inspr/core/cmd/insprd/api/handlers/channel_handler.go:73.58,78.32 4 1
gitlab.inspr.dev/inspr/core/cmd/insprd/api/handlers/channel_handler.go:83.3,84.17 2 0
gitlab.inspr.dev/inspr/core/cmd/insprd/api/handlers/channel_handler.go:88.3,88.31 1 0
gitlab.inspr.dev/inspr/core/cmd/insprd/api/handlers/channel_handler.go:78.32,81.4 2 1
gitlab.inspr.dev/inspr/core/cmd/insprd/api/handlers/channel_handler.go:84.17,87.4 2 0
gitlab.inspr.dev/inspr/core/cmd/insprd/api/handlers/channel_handler.go:95.62,96.58 1 1
gitlab.inspr.dev/inspr/core/cmd/insprd/api/handlers/channel_handler.go:113.2,113.30 1 1
gitlab.inspr.dev/inspr/core/cmd/insprd/api/handlers/channel_handler.go:96.58,101.32 4 1
gitlab.inspr.dev/inspr/core/cmd/insprd/api/handlers/channel_handler.go:106.3,107.17 2 0
gitlab.inspr.dev/inspr/core/cmd/insprd/api/handlers/channel_handler.go:111.3,111.31 1 0
gitlab.inspr.dev/inspr/core/cmd/insprd/api/handlers/channel_handler.go:101.32,104.4 2 1
gitlab.inspr.dev/inspr/core/cmd/insprd/api/handlers/channel_handler.go:107.17,110.4 2 0
gitlab.inspr.dev/inspr/core/cmd/insprd/api/mocks/channel_type.go:13.102,14.24 1 0
gitlab.inspr.dev/inspr/core/cmd/insprd/api/mocks/channel_type.go:17.2,17.33 1 0
gitlab.inspr.dev/inspr/core/cmd/insprd/api/mocks/channel_type.go:14.24,16.3 1 0
gitlab.inspr.dev/inspr/core/cmd/insprd/api/mocks/channel_type.go:21.91,22.24 1 0
gitlab.inspr.dev/inspr/core/cmd/insprd/api/mocks/channel_type.go:25.2,25.12 1 0
gitlab.inspr.dev/inspr/core/cmd/insprd/api/mocks/channel_type.go:22.24,24.3 1 0
gitlab.inspr.dev/inspr/core/cmd/insprd/api/mocks/channel_type.go:29.84,30.24 1 0
gitlab.inspr.dev/inspr/core/cmd/insprd/api/mocks/channel_type.go:33.2,33.12 1 0
gitlab.inspr.dev/inspr/core/cmd/insprd/api/mocks/channel_type.go:30.24,32.3 1 0
gitlab.inspr.dev/inspr/core/cmd/insprd/api/mocks/channel_type.go:37.91,38.24 1 0
gitlab.inspr.dev/inspr/core/cmd/insprd/api/mocks/channel_type.go:41.2,41.12 1 0
gitlab.inspr.dev/inspr/core/cmd/insprd/api/mocks/channel_type.go:38.24,40.3 1 0
gitlab.inspr.dev/inspr/core/cmd/insprd/api/controllers/routes.go:9.31,11.77 2 1
gitlab.inspr.dev/inspr/core/cmd/insprd/api/controllers/routes.go:32.2,33.73 2 1
gitlab.inspr.dev/inspr/core/cmd/insprd/api/controllers/routes.go:54.2,55.81 2 1
gitlab.inspr.dev/inspr/core/cmd/insprd/api/controllers/routes.go:11.77,12.19 1 1
gitlab.inspr.dev/inspr/core/cmd/insprd/api/controllers/routes.go:14.23,15.49 1 1
gitlab.inspr.dev/inspr/core/cmd/insprd/api/controllers/routes.go:17.24,18.47 1 1
gitlab.inspr.dev/inspr/core/cmd/insprd/api/controllers/routes.go:20.23,21.47 1 1
gitlab.inspr.dev/inspr/core/cmd/insprd/api/controllers/routes.go:23.26,24.47 1 1
gitlab.inspr.dev/inspr/core/cmd/insprd/api/controllers/routes.go:26.11,28.10 2 1
gitlab.inspr.dev/inspr/core/cmd/insprd/api/controllers/routes.go:33.73,34.19 1 1
gitlab.inspr.dev/inspr/core/cmd/insprd/api/controllers/routes.go:36.23,37.45 1 1
gitlab.inspr.dev/inspr/core/cmd/insprd/api/controllers/routes.go:39.24,40.43 1 1
gitlab.inspr.dev/inspr/core/cmd/insprd/api/controllers/routes.go:42.23,43.43 1 1
gitlab.inspr.dev/inspr/core/cmd/insprd/api/controllers/routes.go:45.26,46.43 1 1
gitlab.inspr.dev/inspr/core/cmd/insprd/api/controllers/routes.go:48.11,50.10 2 1
gitlab.inspr.dev/inspr/core/cmd/insprd/api/controllers/routes.go:55.81,56.19 1 1
gitlab.inspr.dev/inspr/core/cmd/insprd/api/controllers/routes.go:58.23,59.54 1 1
gitlab.inspr.dev/inspr/core/cmd/insprd/api/controllers/routes.go:61.24,62.52 1 1
gitlab.inspr.dev/inspr/core/cmd/insprd/api/controllers/routes.go:64.23,65.52 1 1
gitlab.inspr.dev/inspr/core/cmd/insprd/api/controllers/routes.go:67.26,68.52 1 1
gitlab.inspr.dev/inspr/core/cmd/insprd/api/controllers/routes.go:70.11,72.10 2 1
gitlab.inspr.dev/inspr/core/pkg/ierrors/error.go:16.39,18.2 1 0
gitlab.inspr.dev/inspr/core/pkg/ierrors/error.go:21.29,25.2 1 0
gitlab.inspr.dev/inspr/core/pkg/ierrors/error.go:28.45,31.2 2 0
gitlab.inspr.dev/inspr/core/pkg/ierrors/error.go:34.50,37.2 2 0
gitlab.inspr.dev/inspr/core/pkg/ierrors/error.go:40.47,43.2 2 0
gitlab.inspr.dev/inspr/core/pkg/ierrors/error.go:46.51,49.2 2 0
gitlab.inspr.dev/inspr/core/pkg/ierrors/error.go:52.48,55.2 2 0
gitlab.inspr.dev/inspr/core/pkg/ierrors/error.go:58.47,61.2 2 0
gitlab.inspr.dev/inspr/core/pkg/ierrors/error.go:64.51,67.2 2 0
gitlab.inspr.dev/inspr/core/pkg/ierrors/error.go:70.55,73.2 2 0
gitlab.inspr.dev/inspr/core/pkg/ierrors/error.go:76.54,79.2 2 0
gitlab.inspr.dev/inspr/core/pkg/ierrors/error.go:82.56,85.2 2 0
gitlab.inspr.dev/inspr/core/pkg/ierrors/error.go:88.42,90.2 1 0
gitlab.inspr.dev/inspr/core/pkg/ierrors/error.go:93.46,95.9 2 0
gitlab.inspr.dev/inspr/core/pkg/ierrors/error.go:98.2,98.27 1 0
gitlab.inspr.dev/inspr/core/pkg/ierrors/error.go:95.9,97.3 1 0
gitlab.inspr.dev/inspr/core/pkg/ierrors/error.go:102.58,104.2 1 0
gitlab.inspr.dev/inspr/core/cmd/insprd/api/mocks/channel.go:13.87,14.21 1 0
gitlab.inspr.dev/inspr/core/cmd/insprd/api/mocks/channel.go:17.2,17.29 1 0
gitlab.inspr.dev/inspr/core/cmd/insprd/api/mocks/channel.go:14.21,16.3 1 0
gitlab.inspr.dev/inspr/core/cmd/insprd/api/mocks/channel.go:21.76,22.21 1 0
gitlab.inspr.dev/inspr/core/cmd/insprd/api/mocks/channel.go:25.2,25.12 1 0
gitlab.inspr.dev/inspr/core/cmd/insprd/api/mocks/channel.go:22.21,24.3 1 0
gitlab.inspr.dev/inspr/core/cmd/insprd/api/mocks/channel.go:29.73,30.21 1 0
gitlab.inspr.dev/inspr/core/cmd/insprd/api/mocks/channel.go:33.2,33.12 1 0
gitlab.inspr.dev/inspr/core/cmd/insprd/api/mocks/channel.go:30.21,32.3 1 0
gitlab.inspr.dev/inspr/core/cmd/insprd/api/mocks/channel.go:37.76,38.21 1 0
gitlab.inspr.dev/inspr/core/cmd/insprd/api/mocks/channel.go:41.2,41.12 1 0
gitlab.inspr.dev/inspr/core/cmd/insprd/api/mocks/channel.go:38.21,40.3 1 0
gitlab.inspr.dev/inspr/core/cmd/insprd/api/mocks/dapp.go:13.59,14.22 1 0
gitlab.inspr.dev/inspr/core/cmd/insprd/api/mocks/dapp.go:17.2,17.25 1 0
gitlab.inspr.dev/inspr/core/cmd/insprd/api/mocks/dapp.go:14.22,16.3 1 0
gitlab.inspr.dev/inspr/core/cmd/insprd/api/mocks/dapp.go:21.66,22.22 1 0
gitlab.inspr.dev/inspr/core/cmd/insprd/api/mocks/dapp.go:25.2,25.12 1 0
gitlab.inspr.dev/inspr/core/cmd/insprd/api/mocks/dapp.go:22.22,24.3 1 0
gitlab.inspr.dev/inspr/core/cmd/insprd/api/mocks/dapp.go:29.49,30.22 1 0
gitlab.inspr.dev/inspr/core/cmd/insprd/api/mocks/dapp.go:33.2,33.12 1 0
gitlab.inspr.dev/inspr/core/cmd/insprd/api/mocks/dapp.go:30.22,32.3 1 0
gitlab.inspr.dev/inspr/core/cmd/insprd/api/mocks/dapp.go:37.64,38.22 1 0
gitlab.inspr.dev/inspr/core/cmd/insprd/api/mocks/dapp.go:41.2,41.12 1 0
gitlab.inspr.dev/inspr/core/cmd/insprd/api/mocks/dapp.go:38.22,40.3 1 0
gitlab.inspr.dev/inspr/core/cmd/insprd/api/mocks/mem_manager.go:16.54,28.2 1 1
gitlab.inspr.dev/inspr/core/cmd/insprd/api/mocks/mem_manager.go:31.47,33.2 1 1
gitlab.inspr.dev/inspr/core/cmd/insprd/api/mocks/mem_manager.go:36.55,38.2 1 1
gitlab.inspr.dev/inspr/core/cmd/insprd/api/mocks/mem_manager.go:41.63,43.2 1 1
gitlab.inspr.dev/inspr/core/pkg/rest/middleware.go:6.33,7.54 1 1
gitlab.inspr.dev/inspr/core/pkg/rest/middleware.go:7.54,10.3 2 1
gitlab.inspr.dev/inspr/core/cmd/insprd/api/handlers/channel_type_handler.go:20.75,24.2 1 1
gitlab.inspr.dev/inspr/core/cmd/insprd/api/handlers/channel_type_handler.go:28.71,29.58 1 1
gitlab.inspr.dev/inspr/core/cmd/insprd/api/handlers/channel_type_handler.go:46.2,46.30 1 1
gitlab.inspr.dev/inspr/core/cmd/insprd/api/handlers/channel_type_handler.go:29.58,34.32 4 1
gitlab.inspr.dev/inspr/core/cmd/insprd/api/handlers/channel_type_handler.go:39.3,40.17 2 0
gitlab.inspr.dev/inspr/core/cmd/insprd/api/handlers/channel_type_handler.go:44.3,44.31 1 0
gitlab.inspr.dev/inspr/core/cmd/insprd/api/handlers/channel_type_handler.go:34.32,37.4 2 1
gitlab.inspr.dev/inspr/core/cmd/insprd/api/handlers/channel_type_handler.go:40.17,43.4 2 0
gitlab.inspr.dev/inspr/core/cmd/insprd/api/handlers/channel_type_handler.go:51.73,52.58 1 1
gitlab.inspr.dev/inspr/core/cmd/insprd/api/handlers/channel_type_handler.go:69.2,69.30 1 1
gitlab.inspr.dev/inspr/core/cmd/insprd/api/handlers/channel_type_handler.go:52.58,57.32 4 1
gitlab.inspr.dev/inspr/core/cmd/insprd/api/handlers/channel_type_handler.go:62.3,63.17 2 0
gitlab.inspr.dev/inspr/core/cmd/insprd/api/handlers/channel_type_handler.go:67.3,67.43 1 0
gitlab.inspr.dev/inspr/core/cmd/insprd/api/handlers/channel_type_handler.go:57.32,60.4 2 1
gitlab.inspr.dev/inspr/core/cmd/insprd/api/handlers/channel_type_handler.go:63.17,66.4 2 0
gitlab.inspr.dev/inspr/core/cmd/insprd/api/handlers/channel_type_handler.go:74.71,75.58 1 1
gitlab.inspr.dev/inspr/core/cmd/insprd/api/handlers/channel_type_handler.go:92.2,92.30 1 1
gitlab.inspr.dev/inspr/core/cmd/insprd/api/handlers/channel_type_handler.go:75.58,80.32 4 1
gitlab.inspr.dev/inspr/core/cmd/insprd/api/handlers/channel_type_handler.go:85.3,86.17 2 0
gitlab.inspr.dev/inspr/core/cmd/insprd/api/handlers/channel_type_handler.go:90.3,90.31 1 0
gitlab.inspr.dev/inspr/core/cmd/insprd/api/handlers/channel_type_handler.go:80.32,83.4 2 1
gitlab.inspr.dev/inspr/core/cmd/insprd/api/handlers/channel_type_handler.go:86.17,89.4 2 0
gitlab.inspr.dev/inspr/core/cmd/insprd/api/handlers/channel_type_handler.go:97.71,98.58 1 1
gitlab.inspr.dev/inspr/core/cmd/insprd/api/handlers/channel_type_handler.go:115.2,115.30 1 1
gitlab.inspr.dev/inspr/core/cmd/insprd/api/handlers/channel_type_handler.go:98.58,103.32 4 1
gitlab.inspr.dev/inspr/core/cmd/insprd/api/handlers/channel_type_handler.go:108.3,109.17 2 0
gitlab.inspr.dev/inspr/core/cmd/insprd/api/handlers/channel_type_handler.go:113.3,113.31 1 0
gitlab.inspr.dev/inspr/core/cmd/insprd/api/handlers/channel_type_handler.go:103.32,106.4 2 1
gitlab.inspr.dev/inspr/core/cmd/insprd/api/handlers/channel_type_handler.go:109.17,112.4 2 0
gitlab.inspr.dev/inspr/core/cmd/insprd/memory/tree/mock-channel_type.go:13.98,15.2 1 0
gitlab.inspr.dev/inspr/core/cmd/insprd/memory/tree/mock-channel_type.go:18.109,20.2 1 0
gitlab.inspr.dev/inspr/core/cmd/insprd/memory/tree/mock-channel_type.go:23.91,25.2 1 0
gitlab.inspr.dev/inspr/core/cmd/insprd/memory/tree/mock-channel_type.go:28.96,30.2 1 0
gitlab.inspr.dev/inspr/core/cmd/insprd/memory/tree/mock-manager.go:18.57,19.15 1 0
gitlab.inspr.dev/inspr/core/cmd/insprd/memory/tree/mock-manager.go:24.2,26.3 1 0
gitlab.inspr.dev/inspr/core/cmd/insprd/memory/tree/mock-manager.go:19.15,23.3 1 0
gitlab.inspr.dev/inspr/core/cmd/insprd/memory/tree/mock-manager.go:30.65,31.16 1 0
gitlab.inspr.dev/inspr/core/cmd/insprd/memory/tree/mock-manager.go:36.2,38.3 1 0
gitlab.inspr.dev/inspr/core/cmd/insprd/memory/tree/mock-manager.go:31.16,35.3 1 0
gitlab.inspr.dev/inspr/core/cmd/insprd/memory/tree/mock-manager.go:42.49,43.15 1 0
gitlab.inspr.dev/inspr/core/cmd/insprd/memory/tree/mock-manager.go:49.2,51.3 1 0
gitlab.inspr.dev/inspr/core/cmd/insprd/memory/tree/mock-manager.go:43.15,48.3 1 0
gitlab.inspr.dev/inspr/core/pkg/testutils/test.go:28.48,33.2 1 0
gitlab.inspr.dev/inspr/core/pkg/testutils/test.go:35.50,37.2 1 0
gitlab.inspr.dev/inspr/core/pkg/testutils/test.go:39.52,41.2 1 0
gitlab.inspr.dev/inspr/core/pkg/testutils/test.go:42.50,44.2 1 0
gitlab.inspr.dev/inspr/core/pkg/testutils/test.go:46.63,48.2 1 0
gitlab.inspr.dev/inspr/core/pkg/testutils/test.go:50.31,51.25 1 0
gitlab.inspr.dev/inspr/core/pkg/testutils/test.go:54.2,54.36 1 0
gitlab.inspr.dev/inspr/core/pkg/testutils/test.go:51.25,53.3 1 0
gitlab.inspr.dev/inspr/core/pkg/testutils/test.go:54.36,57.27 3 0
gitlab.inspr.dev/inspr/core/pkg/testutils/test.go:60.3,61.26 2 0
gitlab.inspr.dev/inspr/core/pkg/testutils/test.go:57.27,59.4 1 0
gitlab.inspr.dev/inspr/core/pkg/testutils/test.go:61.26,63.4 1 0
gitlab.inspr.dev/inspr/core/pkg/testutils/test.go:68.57,69.32 1 0
gitlab.inspr.dev/inspr/core/pkg/testutils/test.go:69.32,71.3 1 0
gitlab.inspr.dev/inspr/core/pkg/testutils/test.go:75.60,76.31 1 0
gitlab.inspr.dev/inspr/core/pkg/testutils/test.go:76.31,78.3 1 0
gitlab.inspr.dev/inspr/core/pkg/testutils/test.go:82.53,83.14 1 0
gitlab.inspr.dev/inspr/core/pkg/testutils/test.go:83.14,85.3 1 0
gitlab.inspr.dev/inspr/core/pkg/testutils/test.go:89.56,90.14 1 0
gitlab.inspr.dev/inspr/core/pkg/testutils/test.go:90.14,92.3 1 0
gitlab.inspr.dev/inspr/core/pkg/testutils/test.go:96.49,97.15 1 0
gitlab.inspr.dev/inspr/core/pkg/testutils/test.go:97.15,99.3 1 0
gitlab.inspr.dev/inspr/core/pkg/testutils/test.go:103.46,104.15 1 0
gitlab.inspr.dev/inspr/core/pkg/testutils/test.go:104.15,106.3 1 0
gitlab.inspr.dev/inspr/core/pkg/rest/handler.go:19.53,21.2 1 0
gitlab.inspr.dev/inspr/core/pkg/rest/handler.go:24.32,25.54 1 0
gitlab.inspr.dev/inspr/core/pkg/rest/handler.go:25.54,26.33 1 0
gitlab.inspr.dev/inspr/core/pkg/rest/handler.go:31.3,31.10 1 0
gitlab.inspr.dev/inspr/core/pkg/rest/handler.go:26.33,30.4 3 0
gitlab.inspr.dev/inspr/core/pkg/rest/handler.go:36.33,37.54 1 0
gitlab.inspr.dev/inspr/core/pkg/rest/handler.go:37.54,38.34 1 0
gitlab.inspr.dev/inspr/core/pkg/rest/handler.go:43.3,43.10 1 0
gitlab.inspr.dev/inspr/core/pkg/rest/handler.go:38.34,42.4 3 0
gitlab.inspr.dev/inspr/core/pkg/rest/handler.go:48.35,49.54 1 0
gitlab.inspr.dev/inspr/core/pkg/rest/handler.go:49.54,50.36 1 0
gitlab.inspr.dev/inspr/core/pkg/rest/handler.go:55.3,55.10 1 0
gitlab.inspr.dev/inspr/core/pkg/rest/handler.go:50.36,54.4 3 0
gitlab.inspr.dev/inspr/core/pkg/rest/handler.go:60.32,61.54 1 0
gitlab.inspr.dev/inspr/core/pkg/rest/handler.go:61.54,62.33 1 0
gitlab.inspr.dev/inspr/core/pkg/rest/handler.go:67.3,67.10 1 0
gitlab.inspr.dev/inspr/core/pkg/rest/handler.go:62.33,66.4 3 0
gitlab.inspr.dev/inspr/core/cmd/insprd/api/handlers/app_handler.go:18.59,22.2 1 1
gitlab.inspr.dev/inspr/core/cmd/insprd/api/handlers/app_handler.go:26.54,28.58 1 1
gitlab.inspr.dev/inspr/core/cmd/insprd/api/handlers/app_handler.go:45.2,45.30 1 1
gitlab.inspr.dev/inspr/core/cmd/insprd/api/handlers/app_handler.go:28.58,33.32 4 1
gitlab.inspr.dev/inspr/core/cmd/insprd/api/handlers/app_handler.go:38.3,39.17 2 0
gitlab.inspr.dev/inspr/core/cmd/insprd/api/handlers/app_handler.go:43.3,43.31 1 0
gitlab.inspr.dev/inspr/core/cmd/insprd/api/handlers/app_handler.go:33.32,36.4 2 1
gitlab.inspr.dev/inspr/core/cmd/insprd/api/handlers/app_handler.go:39.17,42.4 2 0
gitlab.inspr.dev/inspr/core/cmd/insprd/api/handlers/app_handler.go:50.56,51.58 1 1
gitlab.inspr.dev/inspr/core/cmd/insprd/api/handlers/app_handler.go:67.2,67.30 1 1
gitlab.inspr.dev/inspr/core/cmd/insprd/api/handlers/app_handler.go:51.58,56.32 4 1
gitlab.inspr.dev/inspr/core/cmd/insprd/api/handlers/app_handler.go:60.3,61.17 2 0
gitlab.inspr.dev/inspr/core/cmd/insprd/api/handlers/app_handler.go:65.3,65.35 1 0
gitlab.inspr.dev/inspr/core/cmd/insprd/api/handlers/app_handler.go:56.32,59.4 2 1
gitlab.inspr.dev/inspr/core/cmd/insprd/api/handlers/app_handler.go:61.17,64.4 2 0
gitlab.inspr.dev/inspr/core/cmd/insprd/api/handlers/app_handler.go:72.54,73.58 1 1
gitlab.inspr.dev/inspr/core/cmd/insprd/api/handlers/app_handler.go:90.2,90.30 1 1
gitlab.inspr.dev/inspr/core/cmd/insprd/api/handlers/app_handler.go:73.58,78.32 4 1
gitlab.inspr.dev/inspr/core/cmd/insprd/api/handlers/app_handler.go:83.3,84.17 2 0
gitlab.inspr.dev/inspr/core/cmd/insprd/api/handlers/app_handler.go:78.32,81.4 2 1
gitlab.inspr.dev/inspr/core/cmd/insprd/api/handlers/app_handler.go:84.17,86.4 1 0
gitlab.inspr.dev/inspr/core/cmd/insprd/api/handlers/app_handler.go:86.9,88.4 1 0
gitlab.inspr.dev/inspr/core/cmd/insprd/api/handlers/app_handler.go:95.54,96.58 1 1
gitlab.inspr.dev/inspr/core/cmd/insprd/api/handlers/app_handler.go:113.2,113.30 1 1
gitlab.inspr.dev/inspr/core/cmd/insprd/api/handlers/app_handler.go:96.58,101.32 4 1
gitlab.inspr.dev/inspr/core/cmd/insprd/api/handlers/app_handler.go:106.3,107.17 2 0
gitlab.inspr.dev/inspr/core/cmd/insprd/api/handlers/app_handler.go:111.3,111.31 1 0
gitlab.inspr.dev/inspr/core/cmd/insprd/api/handlers/app_handler.go:101.32,104.4 2 1
gitlab.inspr.dev/inspr/core/cmd/insprd/api/handlers/app_handler.go:107.17,110.4 2 0
gitlab.inspr.dev/inspr/core/cmd/insprd/api/server.go:11.12,15.2 2 0
gitlab.inspr.dev/inspr/core/cmd/insprd/main.go:6.13,8.2 1 0
gitlab.inspr.dev/inspr/core/cmd/insprd/memory/tree/dapp.go:19.51,23.2 1 0
gitlab.inspr.dev/inspr/core/cmd/insprd/memory/tree/dapp.go:32.70,33.17 1 0
gitlab.inspr.dev/inspr/core/cmd/insprd/memory/tree/dapp.go:37.2,41.19 4 0
gitlab.inspr.dev/inspr/core/cmd/insprd/memory/tree/dapp.go:51.2,51.17 1 0
gitlab.inspr.dev/inspr/core/cmd/insprd/memory/tree/dapp.go:33.17,35.3 1 0
gitlab.inspr.dev/inspr/core/cmd/insprd/memory/tree/dapp.go:41.19,42.37 1 0
gitlab.inspr.dev/inspr/core/cmd/insprd/memory/tree/dapp.go:48.3,48.21 1 0
gitlab.inspr.dev/inspr/core/cmd/insprd/memory/tree/dapp.go:42.37,44.21 2 0
gitlab.inspr.dev/inspr/core/cmd/insprd/memory/tree/dapp.go:44.21,46.5 1 0
gitlab.inspr.dev/inspr/core/cmd/insprd/memory/tree/dapp.go:57.77,58.42 1 0
gitlab.inspr.dev/inspr/core/cmd/insprd/memory/tree/dapp.go:62.2,63.16 2 0
gitlab.inspr.dev/inspr/core/cmd/insprd/memory/tree/dapp.go:67.2,68.27 2 0
gitlab.inspr.dev/inspr/core/cmd/insprd/memory/tree/dapp.go:85.2,85.73 1 0
gitlab.inspr.dev/inspr/core/cmd/insprd/memory/tree/dapp.go:58.42,60.3 1 0
gitlab.inspr.dev/inspr/core/cmd/insprd/memory/tree/dapp.go:63.16,65.3 1 0
gitlab.inspr.dev/inspr/core/cmd/insprd/memory/tree/dapp.go:68.27,69.27 1 0
gitlab.inspr.dev/inspr/core/cmd/insprd/memory/tree/dapp.go:72.3,75.34 3 0
gitlab.inspr.dev/inspr/core/cmd/insprd/memory/tree/dapp.go:82.3,82.13 1 0
gitlab.inspr.dev/inspr/core/cmd/insprd/memory/tree/dapp.go:69.27,71.4 1 0
gitlab.inspr.dev/inspr/core/cmd/insprd/memory/tree/dapp.go:75.34,77.45 2 0
gitlab.inspr.dev/inspr/core/cmd/insprd/memory/tree/dapp.go:77.45,79.5 1 0
gitlab.inspr.dev/inspr/core/cmd/insprd/memory/tree/dapp.go:94.60,95.17 1 0
gitlab.inspr.dev/inspr/core/cmd/insprd/memory/tree/dapp.go:99.2,100.16 2 0
gitlab.inspr.dev/inspr/core/cmd/insprd/memory/tree/dapp.go:103.2,104.22 2 0
gitlab.inspr.dev/inspr/core/cmd/insprd/memory/tree/dapp.go:108.2,110.12 2 0
gitlab.inspr.dev/inspr/core/cmd/insprd/memory/tree/dapp.go:95.17,97.3 1 0
gitlab.inspr.dev/inspr/core/cmd/insprd/memory/tree/dapp.go:100.16,102.3 1 0
gitlab.inspr.dev/inspr/core/cmd/insprd/memory/tree/dapp.go:104.22,106.3 1 0
gitlab.inspr.dev/inspr/core/cmd/insprd/memory/tree/dapp.go:116.75,118.16 2 0
gitlab.inspr.dev/inspr/core/cmd/insprd/memory/tree/dapp.go:122.2,122.43 1 0
gitlab.inspr.dev/inspr/core/cmd/insprd/memory/tree/dapp.go:125.2,125.63 1 0
gitlab.inspr.dev/inspr/core/cmd/insprd/memory/tree/dapp.go:129.2,130.27 2 0
gitlab.inspr.dev/inspr/core/cmd/insprd/memory/tree/dapp.go:134.2,139.12 5 0
gitlab.inspr.dev/inspr/core/cmd/insprd/memory/tree/dapp.go:118.16,120.3 1 0
gitlab.inspr.dev/inspr/core/cmd/insprd/memory/tree/dapp.go:122.43,124.3 1 0
gitlab.inspr.dev/inspr/core/cmd/insprd/memory/tree/dapp.go:125.63,127.3 1 0
gitlab.inspr.dev/inspr/core/cmd/insprd/memory/tree/dapp.go:130.27,132.3 1 0
gitlab.inspr.dev/inspr/core/cmd/insprd/memory/tree/dapp.go:143.56,151.21 8 0
gitlab.inspr.dev/inspr/core/cmd/insprd/memory/tree/dapp.go:155.2,155.16 1 0
gitlab.inspr.dev/inspr/core/cmd/insprd/memory/tree/dapp.go:158.2,158.24 1 0
gitlab.inspr.dev/inspr/core/cmd/insprd/memory/tree/dapp.go:161.2,161.24 1 0
gitlab.inspr.dev/inspr/core/cmd/insprd/memory/tree/dapp.go:165.2,165.23 1 0
gitlab.inspr.dev/inspr/core/cmd/insprd/memory/tree/dapp.go:151.21,153.3 1 0
gitlab.inspr.dev/inspr/core/cmd/insprd/memory/tree/dapp.go:155.16,157.3 1 0
gitlab.inspr.dev/inspr/core/cmd/insprd/memory/tree/dapp.go:158.24,160.3 1 0
gitlab.inspr.dev/inspr/core/cmd/insprd/memory/tree/dapp.go:161.24,163.3 1 0
gitlab.inspr.dev/inspr/core/cmd/insprd/memory/tree/dapp.go:168.39,175.2 5 0
gitlab.inspr.dev/inspr/core/cmd/insprd/memory/tree/dapp.go:177.94,179.30 2 0
gitlab.inspr.dev/inspr/core/cmd/insprd/memory/tree/dapp.go:201.2,201.23 1 0
gitlab.inspr.dev/inspr/core/cmd/insprd/memory/tree/dapp.go:179.30,181.3 1 0
gitlab.inspr.dev/inspr/core/cmd/insprd/memory/tree/dapp.go:181.8,182.27 1 0
gitlab.inspr.dev/inspr/core/cmd/insprd/memory/tree/dapp.go:191.3,191.28 1 0
gitlab.inspr.dev/inspr/core/cmd/insprd/memory/tree/dapp.go:182.27,183.38 1 0
gitlab.inspr.dev/inspr/core/cmd/insprd/memory/tree/dapp.go:183.38,184.37 1 0
gitlab.inspr.dev/inspr/core/cmd/insprd/memory/tree/dapp.go:184.37,186.11 2 0
gitlab.inspr.dev/inspr/core/cmd/insprd/memory/tree/dapp.go:191.28,192.40 1 0
gitlab.inspr.dev/inspr/core/cmd/insprd/memory/tree/dapp.go:192.40,193.38 1 0
gitlab.inspr.dev/inspr/core/cmd/insprd/memory/tree/dapp.go:193.38,195.11 2 0
gitlab.inspr.dev/inspr/core/cmd/insprd/memory/tree/dapp.go:204.55,211.2 4 0
gitlab.inspr.dev/inspr/core/cmd/insprd/memory/tree/dapp.go:213.74,215.16 2 0
gitlab.inspr.dev/inspr/core/cmd/insprd/memory/tree/dapp.go:219.2,219.30 1 0
gitlab.inspr.dev/inspr/core/cmd/insprd/memory/tree/dapp.go:231.2,232.16 2 0
gitlab.inspr.dev/inspr/core/cmd/insprd/memory/tree/dapp.go:236.2,236.111 1 0
gitlab.inspr.dev/inspr/core/cmd/insprd/memory/tree/dapp.go:240.2,240.41 1 0
gitlab.inspr.dev/inspr/core/cmd/insprd/memory/tree/dapp.go:260.2,260.12 1 0
gitlab.inspr.dev/inspr/core/cmd/insprd/memory/tree/dapp.go:215.16,217.3 1 0
gitlab.inspr.dev/inspr/core/cmd/insprd/memory/tree/dapp.go:219.30,221.23 2 0
gitlab.inspr.dev/inspr/core/cmd/insprd/memory/tree/dapp.go:225.3,226.23 2 0
gitlab.inspr.dev/inspr/core/cmd/insprd/memory/tree/dapp.go:221.23,223.4 1 0
gitlab.inspr.dev/inspr/core/cmd/insprd/memory/tree/dapp.go:226.23,228.4 1 0
gitlab.inspr.dev/inspr/core/cmd/insprd/memory/tree/dapp.go:232.16,234.3 1 0
gitlab.inspr.dev/inspr/core/cmd/insprd/memory/tree/dapp.go:236.111,238.3 1 0
gitlab.inspr.dev/inspr/core/cmd/insprd/memory/tree/dapp.go:240.41,241.54 1 0
gitlab.inspr.dev/inspr/core/cmd/insprd/memory/tree/dapp.go:241.54,244.22 3 0
gitlab.inspr.dev/inspr/core/cmd/insprd/memory/tree/dapp.go:244.22,247.30 3 0
gitlab.inspr.dev/inspr/core/cmd/insprd/memory/tree/dapp.go:247.30,249.6 1 0
gitlab.inspr.dev/inspr/core/cmd/insprd/memory/tree/dapp.go:250.10,253.26 3 0
gitlab.inspr.dev/inspr/core/cmd/insprd/memory/tree/dapp.go:253.26,255.6 1 0
gitlab.inspr.dev/inspr/core/cmd/insprd/memory/tree/dapp.go:263.99,271.16 3 0
gitlab.inspr.dev/inspr/core/cmd/insprd/memory/tree/dapp.go:274.2,274.28 1 0
gitlab.inspr.dev/inspr/core/cmd/insprd/memory/tree/dapp.go:282.2,283.16 2 0
gitlab.inspr.dev/inspr/core/cmd/insprd/memory/tree/dapp.go:286.2,286.32 1 0
gitlab.inspr.dev/inspr/core/cmd/insprd/memory/tree/dapp.go:294.2,295.16 2 0
gitlab.inspr.dev/inspr/core/cmd/insprd/memory/tree/dapp.go:298.2,298.30 1 0
gitlab.inspr.dev/inspr/core/cmd/insprd/memory/tree/dapp.go:306.2,306.31 1 0
gitlab.inspr.dev/inspr/core/cmd/insprd/memory/tree/dapp.go:271.16,273.3 1 0
gitlab.inspr.dev/inspr/core/cmd/insprd/memory/tree/dapp.go:274.28,275.39 1 0
gitlab.inspr.dev/inspr/core/cmd/insprd/memory/tree/dapp.go:275.39,276.76 1 0
gitlab.inspr.dev/inspr/core/cmd/insprd/memory/tree/dapp.go:276.76,278.5 1 0
gitlab.inspr.dev/inspr/core/cmd/insprd/memory/tree/dapp.go:283.16,285.3 1 0
gitlab.inspr.dev/inspr/core/cmd/insprd/memory/tree/dapp.go:286.32,287.43 1 0
gitlab.inspr.dev/inspr/core/cmd/insprd/memory/tree/dapp.go:287.43,288.80 1 0
gitlab.inspr.dev/inspr/core/cmd/insprd/memory/tree/dapp.go:288.80,290.5 1 0
gitlab.inspr.dev/inspr/core/cmd/insprd/memory/tree/dapp.go:295.16,297.3 1 0
gitlab.inspr.dev/inspr/core/cmd/insprd/memory/tree/dapp.go:298.30,299.41 1 0
gitlab.inspr.dev/inspr/core/cmd/insprd/memory/tree/dapp.go:299.41,300.78 1 0
gitlab.inspr.dev/inspr/core/cmd/insprd/memory/tree/dapp.go:300.78,302.5 1 0
gitlab.inspr.dev/inspr/core/cmd/insprd/memory/tree/dapp.go:309.33,311.2 1 0
gitlab.inspr.dev/inspr/core/cmd/insprd/memory/tree/dapp.go:316.72,320.21 3 0
gitlab.inspr.dev/inspr/core/cmd/insprd/memory/tree/dapp.go:331.2,331.13 1 0
gitlab.inspr.dev/inspr/core/cmd/insprd/memory/tree/dapp.go:320.21,321.39 1 0
gitlab.inspr.dev/inspr/core/cmd/insprd/memory/tree/dapp.go:329.3,329.15 1 0
gitlab.inspr.dev/inspr/core/cmd/insprd/memory/tree/dapp.go:321.39,324.54 2 0
gitlab.inspr.dev/inspr/core/cmd/insprd/memory/tree/dapp.go:324.54,327.5 1 0
gitlab.inspr.dev/inspr/core/cmd/insprd/memory/tree/mock-channel.go:13.97,15.2 1 0
gitlab.inspr.dev/inspr/core/cmd/insprd/memory/tree/mock-channel.go:18.86,20.2 1 0
gitlab.inspr.dev/inspr/core/cmd/insprd/memory/tree/mock-channel.go:23.83,25.2 1 0
gitlab.inspr.dev/inspr/core/cmd/insprd/memory/tree/mock-channel.go:28.84,30.2 1 0
gitlab.inspr.dev/inspr/core/cmd/insprd/api/controllers/base.go:19.42,23.2 3 1
gitlab.inspr.dev/inspr/core/cmd/insprd/api/controllers/base.go:26.35,29.2 2 0
gitlab.inspr.dev/inspr/core/cmd/insprd/memory/tree/mock-manager.go:18.57,19.15 1 0
gitlab.inspr.dev/inspr/core/cmd/insprd/memory/tree/mock-manager.go:24.2,26.3 1 0
gitlab.inspr.dev/inspr/core/cmd/insprd/memory/tree/mock-manager.go:19.15,23.3 1 0
gitlab.inspr.dev/inspr/core/cmd/insprd/memory/tree/mock-manager.go:30.65,31.16 1 0
gitlab.inspr.dev/inspr/core/cmd/insprd/memory/tree/mock-manager.go:36.2,38.3 1 0
gitlab.inspr.dev/inspr/core/cmd/insprd/memory/tree/mock-manager.go:31.16,35.3 1 0
gitlab.inspr.dev/inspr/core/cmd/insprd/memory/tree/mock-manager.go:42.49,43.15 1 0
gitlab.inspr.dev/inspr/core/cmd/insprd/memory/tree/mock-manager.go:49.2,51.3 1 0
gitlab.inspr.dev/inspr/core/cmd/insprd/memory/tree/mock-manager.go:43.15,48.3 1 0
gitlab.inspr.dev/inspr/core/cmd/insprd/api/mocks/channel.go:13.87,14.21 1 0
gitlab.inspr.dev/inspr/core/cmd/insprd/api/mocks/channel.go:17.2,17.29 1 0
gitlab.inspr.dev/inspr/core/cmd/insprd/api/mocks/channel.go:14.21,16.3 1 0
gitlab.inspr.dev/inspr/core/cmd/insprd/api/mocks/channel.go:21.76,22.21 1 0
gitlab.inspr.dev/inspr/core/cmd/insprd/api/mocks/channel.go:25.2,25.12 1 0
gitlab.inspr.dev/inspr/core/cmd/insprd/api/mocks/channel.go:22.21,24.3 1 0
gitlab.inspr.dev/inspr/core/cmd/insprd/api/mocks/channel.go:29.73,30.21 1 0
gitlab.inspr.dev/inspr/core/cmd/insprd/api/mocks/channel.go:33.2,33.12 1 0
gitlab.inspr.dev/inspr/core/cmd/insprd/api/mocks/channel.go:30.21,32.3 1 0
gitlab.inspr.dev/inspr/core/cmd/insprd/api/mocks/channel.go:37.76,38.21 1 0
gitlab.inspr.dev/inspr/core/cmd/insprd/api/mocks/channel.go:41.2,41.12 1 0
gitlab.inspr.dev/inspr/core/cmd/insprd/api/mocks/channel.go:38.21,40.3 1 0
gitlab.inspr.dev/inspr/core/cmd/insprd/api/mocks/mem_manager.go:16.54,28.2 1 0
gitlab.inspr.dev/inspr/core/cmd/insprd/api/mocks/mem_manager.go:31.47,33.2 1 0
gitlab.inspr.dev/inspr/core/cmd/insprd/api/mocks/mem_manager.go:36.55,38.2 1 0
gitlab.inspr.dev/inspr/core/cmd/insprd/api/mocks/mem_manager.go:41.63,43.2 1 0
gitlab.inspr.dev/inspr/core/pkg/testutils/test.go:28.48,33.2 1 0
gitlab.inspr.dev/inspr/core/pkg/testutils/test.go:35.50,37.2 1 0
gitlab.inspr.dev/inspr/core/pkg/testutils/test.go:39.52,41.2 1 0
gitlab.inspr.dev/inspr/core/pkg/testutils/test.go:42.50,44.2 1 0
gitlab.inspr.dev/inspr/core/pkg/testutils/test.go:46.63,48.2 1 0
gitlab.inspr.dev/inspr/core/pkg/testutils/test.go:50.31,51.25 1 0
gitlab.inspr.dev/inspr/core/pkg/testutils/test.go:54.2,54.36 1 0
gitlab.inspr.dev/inspr/core/pkg/testutils/test.go:51.25,53.3 1 0
gitlab.inspr.dev/inspr/core/pkg/testutils/test.go:54.36,57.27 3 0
gitlab.inspr.dev/inspr/core/pkg/testutils/test.go:60.3,61.26 2 0
gitlab.inspr.dev/inspr/core/pkg/testutils/test.go:57.27,59.4 1 0
gitlab.inspr.dev/inspr/core/pkg/testutils/test.go:61.26,63.4 1 0
gitlab.inspr.dev/inspr/core/pkg/testutils/test.go:68.57,69.32 1 0
gitlab.inspr.dev/inspr/core/pkg/testutils/test.go:69.32,71.3 1 0
gitlab.inspr.dev/inspr/core/pkg/testutils/test.go:75.60,76.31 1 0
gitlab.inspr.dev/inspr/core/pkg/testutils/test.go:76.31,78.3 1 0
gitlab.inspr.dev/inspr/core/pkg/testutils/test.go:82.53,83.14 1 0
gitlab.inspr.dev/inspr/core/pkg/testutils/test.go:83.14,85.3 1 0
gitlab.inspr.dev/inspr/core/pkg/testutils/test.go:89.56,90.14 1 0
gitlab.inspr.dev/inspr/core/pkg/testutils/test.go:90.14,92.3 1 0
gitlab.inspr.dev/inspr/core/pkg/testutils/test.go:96.49,97.15 1 0
gitlab.inspr.dev/inspr/core/pkg/testutils/test.go:97.15,99.3 1 0
gitlab.inspr.dev/inspr/core/pkg/testutils/test.go:103.46,104.15 1 0
gitlab.inspr.dev/inspr/core/pkg/testutils/test.go:104.15,106.3 1 0
gitlab.inspr.dev/inspr/core/cmd/insprd/api/mocks/channel_type.go:13.102,14.24 1 0
gitlab.inspr.dev/inspr/core/cmd/insprd/api/mocks/channel_type.go:17.2,17.33 1 0
gitlab.inspr.dev/inspr/core/cmd/insprd/api/mocks/channel_type.go:14.24,16.3 1 0
gitlab.inspr.dev/inspr/core/cmd/insprd/api/mocks/channel_type.go:21.91,22.24 1 0
gitlab.inspr.dev/inspr/core/cmd/insprd/api/mocks/channel_type.go:25.2,25.12 1 0
gitlab.inspr.dev/inspr/core/cmd/insprd/api/mocks/channel_type.go:22.24,24.3 1 0
gitlab.inspr.dev/inspr/core/cmd/insprd/api/mocks/channel_type.go:29.84,30.24 1 0
gitlab.inspr.dev/inspr/core/cmd/insprd/api/mocks/channel_type.go:33.2,33.12 1 0
gitlab.inspr.dev/inspr/core/cmd/insprd/api/mocks/channel_type.go:30.24,32.3 1 0
gitlab.inspr.dev/inspr/core/cmd/insprd/api/mocks/channel_type.go:37.91,38.24 1 0
gitlab.inspr.dev/inspr/core/cmd/insprd/api/mocks/channel_type.go:41.2,41.12 1 0
gitlab.inspr.dev/inspr/core/cmd/insprd/api/mocks/channel_type.go:38.24,40.3 1 0
gitlab.inspr.dev/inspr/core/cmd/insprd/api/handlers/channel_handler.go:18.67,22.2 1 0
gitlab.inspr.dev/inspr/core/cmd/insprd/api/handlers/channel_handler.go:26.62,27.58 1 0
gitlab.inspr.dev/inspr/core/cmd/insprd/api/handlers/channel_handler.go:44.2,44.30 1 0
gitlab.inspr.dev/inspr/core/cmd/insprd/api/handlers/channel_handler.go:27.58,32.32 4 0
gitlab.inspr.dev/inspr/core/cmd/insprd/api/handlers/channel_handler.go:37.3,38.17 2 0
gitlab.inspr.dev/inspr/core/cmd/insprd/api/handlers/channel_handler.go:42.3,42.31 1 0
gitlab.inspr.dev/inspr/core/cmd/insprd/api/handlers/channel_handler.go:32.32,35.4 2 0
gitlab.inspr.dev/inspr/core/cmd/insprd/api/handlers/channel_handler.go:38.17,41.4 2 0
gitlab.inspr.dev/inspr/core/cmd/insprd/api/handlers/channel_handler.go:49.64,50.58 1 0
gitlab.inspr.dev/inspr/core/cmd/insprd/api/handlers/channel_handler.go:67.2,67.30 1 0
gitlab.inspr.dev/inspr/core/cmd/insprd/api/handlers/channel_handler.go:50.58,55.32 4 0
gitlab.inspr.dev/inspr/core/cmd/insprd/api/handlers/channel_handler.go:60.3,61.17 2 0
gitlab.inspr.dev/inspr/core/cmd/insprd/api/handlers/channel_handler.go:65.3,65.39 1 0
gitlab.inspr.dev/inspr/core/cmd/insprd/api/handlers/channel_handler.go:55.32,58.4 2 0
gitlab.inspr.dev/inspr/core/cmd/insprd/api/handlers/channel_handler.go:61.17,64.4 2 0
gitlab.inspr.dev/inspr/core/cmd/insprd/api/handlers/channel_handler.go:72.62,73.58 1 0
gitlab.inspr.dev/inspr/core/cmd/insprd/api/handlers/channel_handler.go:90.2,90.30 1 0
gitlab.inspr.dev/inspr/core/cmd/insprd/api/handlers/channel_handler.go:73.58,78.32 4 0
gitlab.inspr.dev/inspr/core/cmd/insprd/api/handlers/channel_handler.go:83.3,84.17 2 0
gitlab.inspr.dev/inspr/core/cmd/insprd/api/handlers/channel_handler.go:88.3,88.31 1 0
gitlab.inspr.dev/inspr/core/cmd/insprd/api/handlers/channel_handler.go:78.32,81.4 2 0
gitlab.inspr.dev/inspr/core/cmd/insprd/api/handlers/channel_handler.go:84.17,87.4 2 0
gitlab.inspr.dev/inspr/core/cmd/insprd/api/handlers/channel_handler.go:95.62,96.58 1 0
gitlab.inspr.dev/inspr/core/cmd/insprd/api/handlers/channel_handler.go:113.2,113.30 1 0
gitlab.inspr.dev/inspr/core/cmd/insprd/api/handlers/channel_handler.go:96.58,101.32 4 0
gitlab.inspr.dev/inspr/core/cmd/insprd/api/handlers/channel_handler.go:106.3,107.17 2 0
gitlab.inspr.dev/inspr/core/cmd/insprd/api/handlers/channel_handler.go:111.3,111.31 1 0
gitlab.inspr.dev/inspr/core/cmd/insprd/api/handlers/channel_handler.go:101.32,104.4 2 0
gitlab.inspr.dev/inspr/core/cmd/insprd/api/handlers/channel_handler.go:107.17,110.4 2 0
gitlab.inspr.dev/inspr/core/cmd/insprd/api/controllers/routes.go:9.31,11.77 2 0
gitlab.inspr.dev/inspr/core/cmd/insprd/api/controllers/routes.go:32.2,33.73 2 0
gitlab.inspr.dev/inspr/core/cmd/insprd/api/controllers/routes.go:54.2,55.81 2 0
gitlab.inspr.dev/inspr/core/cmd/insprd/api/controllers/routes.go:11.77,12.19 1 0
gitlab.inspr.dev/inspr/core/cmd/insprd/api/controllers/routes.go:14.23,15.49 1 0
gitlab.inspr.dev/inspr/core/cmd/insprd/api/controllers/routes.go:17.24,18.47 1 0
gitlab.inspr.dev/inspr/core/cmd/insprd/api/controllers/routes.go:20.23,21.47 1 0
gitlab.inspr.dev/inspr/core/cmd/insprd/api/controllers/routes.go:23.26,24.47 1 0
gitlab.inspr.dev/inspr/core/cmd/insprd/api/controllers/routes.go:26.11,28.10 2 0
gitlab.inspr.dev/inspr/core/cmd/insprd/api/controllers/routes.go:33.73,34.19 1 0
gitlab.inspr.dev/inspr/core/cmd/insprd/api/controllers/routes.go:36.23,37.45 1 0
gitlab.inspr.dev/inspr/core/cmd/insprd/api/controllers/routes.go:39.24,40.43 1 0
gitlab.inspr.dev/inspr/core/cmd/insprd/api/controllers/routes.go:42.23,43.43 1 0
gitlab.inspr.dev/inspr/core/cmd/insprd/api/controllers/routes.go:45.26,46.43 1 0
gitlab.inspr.dev/inspr/core/cmd/insprd/api/controllers/routes.go:48.11,50.10 2 0
gitlab.inspr.dev/inspr/core/cmd/insprd/api/controllers/routes.go:55.81,56.19 1 0
gitlab.inspr.dev/inspr/core/cmd/insprd/api/controllers/routes.go:58.23,59.54 1 0
gitlab.inspr.dev/inspr/core/cmd/insprd/api/controllers/routes.go:61.24,62.52 1 0
gitlab.inspr.dev/inspr/core/cmd/insprd/api/controllers/routes.go:64.23,65.52 1 0
gitlab.inspr.dev/inspr/core/cmd/insprd/api/controllers/routes.go:67.26,68.52 1 0
gitlab.inspr.dev/inspr/core/cmd/insprd/api/controllers/routes.go:70.11,72.10 2 0
gitlab.inspr.dev/inspr/core/cmd/insprd/memory/tree/dapp.go:19.51,23.2 1 0
gitlab.inspr.dev/inspr/core/cmd/insprd/memory/tree/dapp.go:32.70,33.17 1 0
gitlab.inspr.dev/inspr/core/cmd/insprd/memory/tree/dapp.go:37.2,41.19 4 0
gitlab.inspr.dev/inspr/core/cmd/insprd/memory/tree/dapp.go:51.2,51.17 1 0
gitlab.inspr.dev/inspr/core/cmd/insprd/memory/tree/dapp.go:33.17,35.3 1 0
gitlab.inspr.dev/inspr/core/cmd/insprd/memory/tree/dapp.go:41.19,42.37 1 0
gitlab.inspr.dev/inspr/core/cmd/insprd/memory/tree/dapp.go:48.3,48.21 1 0
gitlab.inspr.dev/inspr/core/cmd/insprd/memory/tree/dapp.go:42.37,44.21 2 0
gitlab.inspr.dev/inspr/core/cmd/insprd/memory/tree/dapp.go:44.21,46.5 1 0
gitlab.inspr.dev/inspr/core/cmd/insprd/memory/tree/dapp.go:57.77,58.42 1 0
gitlab.inspr.dev/inspr/core/cmd/insprd/memory/tree/dapp.go:62.2,63.16 2 0
gitlab.inspr.dev/inspr/core/cmd/insprd/memory/tree/dapp.go:67.2,68.27 2 0
gitlab.inspr.dev/inspr/core/cmd/insprd/memory/tree/dapp.go:85.2,85.73 1 0
gitlab.inspr.dev/inspr/core/cmd/insprd/memory/tree/dapp.go:58.42,60.3 1 0
gitlab.inspr.dev/inspr/core/cmd/insprd/memory/tree/dapp.go:63.16,65.3 1 0
gitlab.inspr.dev/inspr/core/cmd/insprd/memory/tree/dapp.go:68.27,69.27 1 0
gitlab.inspr.dev/inspr/core/cmd/insprd/memory/tree/dapp.go:72.3,75.34 3 0
gitlab.inspr.dev/inspr/core/cmd/insprd/memory/tree/dapp.go:82.3,82.13 1 0
gitlab.inspr.dev/inspr/core/cmd/insprd/memory/tree/dapp.go:69.27,71.4 1 0
gitlab.inspr.dev/inspr/core/cmd/insprd/memory/tree/dapp.go:75.34,77.45 2 0
gitlab.inspr.dev/inspr/core/cmd/insprd/memory/tree/dapp.go:77.45,79.5 1 0
gitlab.inspr.dev/inspr/core/cmd/insprd/memory/tree/dapp.go:94.60,95.17 1 0
gitlab.inspr.dev/inspr/core/cmd/insprd/memory/tree/dapp.go:99.2,100.16 2 0
gitlab.inspr.dev/inspr/core/cmd/insprd/memory/tree/dapp.go:103.2,104.22 2 0
gitlab.inspr.dev/inspr/core/cmd/insprd/memory/tree/dapp.go:108.2,110.12 2 0
gitlab.inspr.dev/inspr/core/cmd/insprd/memory/tree/dapp.go:95.17,97.3 1 0
gitlab.inspr.dev/inspr/core/cmd/insprd/memory/tree/dapp.go:100.16,102.3 1 0
gitlab.inspr.dev/inspr/core/cmd/insprd/memory/tree/dapp.go:104.22,106.3 1 0
gitlab.inspr.dev/inspr/core/cmd/insprd/memory/tree/dapp.go:116.75,118.16 2 0
gitlab.inspr.dev/inspr/core/cmd/insprd/memory/tree/dapp.go:122.2,122.43 1 0
gitlab.inspr.dev/inspr/core/cmd/insprd/memory/tree/dapp.go:125.2,125.63 1 0
gitlab.inspr.dev/inspr/core/cmd/insprd/memory/tree/dapp.go:129.2,130.27 2 0
gitlab.inspr.dev/inspr/core/cmd/insprd/memory/tree/dapp.go:134.2,139.12 5 0
gitlab.inspr.dev/inspr/core/cmd/insprd/memory/tree/dapp.go:118.16,120.3 1 0
gitlab.inspr.dev/inspr/core/cmd/insprd/memory/tree/dapp.go:122.43,124.3 1 0
gitlab.inspr.dev/inspr/core/cmd/insprd/memory/tree/dapp.go:125.63,127.3 1 0
gitlab.inspr.dev/inspr/core/cmd/insprd/memory/tree/dapp.go:130.27,132.3 1 0
gitlab.inspr.dev/inspr/core/cmd/insprd/memory/tree/dapp.go:143.56,151.21 8 0
gitlab.inspr.dev/inspr/core/cmd/insprd/memory/tree/dapp.go:155.2,155.16 1 0
gitlab.inspr.dev/inspr/core/cmd/insprd/memory/tree/dapp.go:158.2,158.24 1 0
gitlab.inspr.dev/inspr/core/cmd/insprd/memory/tree/dapp.go:161.2,161.24 1 0
gitlab.inspr.dev/inspr/core/cmd/insprd/memory/tree/dapp.go:165.2,165.23 1 0
gitlab.inspr.dev/inspr/core/cmd/insprd/memory/tree/dapp.go:151.21,153.3 1 0
gitlab.inspr.dev/inspr/core/cmd/insprd/memory/tree/dapp.go:155.16,157.3 1 0
gitlab.inspr.dev/inspr/core/cmd/insprd/memory/tree/dapp.go:158.24,160.3 1 0
gitlab.inspr.dev/inspr/core/cmd/insprd/memory/tree/dapp.go:161.24,163.3 1 0
gitlab.inspr.dev/inspr/core/cmd/insprd/memory/tree/dapp.go:168.39,175.2 5 0
gitlab.inspr.dev/inspr/core/cmd/insprd/memory/tree/dapp.go:177.94,179.30 2 0
gitlab.inspr.dev/inspr/core/cmd/insprd/memory/tree/dapp.go:201.2,201.23 1 0
gitlab.inspr.dev/inspr/core/cmd/insprd/memory/tree/dapp.go:179.30,181.3 1 0
gitlab.inspr.dev/inspr/core/cmd/insprd/memory/tree/dapp.go:181.8,182.27 1 0
gitlab.inspr.dev/inspr/core/cmd/insprd/memory/tree/dapp.go:191.3,191.28 1 0
gitlab.inspr.dev/inspr/core/cmd/insprd/memory/tree/dapp.go:182.27,183.38 1 0
gitlab.inspr.dev/inspr/core/cmd/insprd/memory/tree/dapp.go:183.38,184.37 1 0
gitlab.inspr.dev/inspr/core/cmd/insprd/memory/tree/dapp.go:184.37,186.11 2 0
gitlab.inspr.dev/inspr/core/cmd/insprd/memory/tree/dapp.go:191.28,192.40 1 0
gitlab.inspr.dev/inspr/core/cmd/insprd/memory/tree/dapp.go:192.40,193.38 1 0
gitlab.inspr.dev/inspr/core/cmd/insprd/memory/tree/dapp.go:193.38,195.11 2 0
gitlab.inspr.dev/inspr/core/cmd/insprd/memory/tree/dapp.go:204.55,211.2 4 0
gitlab.inspr.dev/inspr/core/cmd/insprd/memory/tree/dapp.go:213.74,215.16 2 0
gitlab.inspr.dev/inspr/core/cmd/insprd/memory/tree/dapp.go:219.2,219.30 1 0
gitlab.inspr.dev/inspr/core/cmd/insprd/memory/tree/dapp.go:231.2,232.16 2 0
gitlab.inspr.dev/inspr/core/cmd/insprd/memory/tree/dapp.go:236.2,236.111 1 0
gitlab.inspr.dev/inspr/core/cmd/insprd/memory/tree/dapp.go:240.2,240.41 1 0
gitlab.inspr.dev/inspr/core/cmd/insprd/memory/tree/dapp.go:260.2,260.12 1 0
gitlab.inspr.dev/inspr/core/cmd/insprd/memory/tree/dapp.go:215.16,217.3 1 0
gitlab.inspr.dev/inspr/core/cmd/insprd/memory/tree/dapp.go:219.30,221.23 2 0
gitlab.inspr.dev/inspr/core/cmd/insprd/memory/tree/dapp.go:225.3,226.23 2 0
gitlab.inspr.dev/inspr/core/cmd/insprd/memory/tree/dapp.go:221.23,223.4 1 0
gitlab.inspr.dev/inspr/core/cmd/insprd/memory/tree/dapp.go:226.23,228.4 1 0
gitlab.inspr.dev/inspr/core/cmd/insprd/memory/tree/dapp.go:232.16,234.3 1 0
gitlab.inspr.dev/inspr/core/cmd/insprd/memory/tree/dapp.go:236.111,238.3 1 0
gitlab.inspr.dev/inspr/core/cmd/insprd/memory/tree/dapp.go:240.41,241.54 1 0
gitlab.inspr.dev/inspr/core/cmd/insprd/memory/tree/dapp.go:241.54,244.22 3 0
gitlab.inspr.dev/inspr/core/cmd/insprd/memory/tree/dapp.go:244.22,247.30 3 0
gitlab.inspr.dev/inspr/core/cmd/insprd/memory/tree/dapp.go:247.30,249.6 1 0
gitlab.inspr.dev/inspr/core/cmd/insprd/memory/tree/dapp.go:250.10,253.26 3 0
gitlab.inspr.dev/inspr/core/cmd/insprd/memory/tree/dapp.go:253.26,255.6 1 0
gitlab.inspr.dev/inspr/core/cmd/insprd/memory/tree/dapp.go:263.99,271.16 3 0
gitlab.inspr.dev/inspr/core/cmd/insprd/memory/tree/dapp.go:274.2,274.28 1 0
gitlab.inspr.dev/inspr/core/cmd/insprd/memory/tree/dapp.go:282.2,283.16 2 0
gitlab.inspr.dev/inspr/core/cmd/insprd/memory/tree/dapp.go:286.2,286.32 1 0
gitlab.inspr.dev/inspr/core/cmd/insprd/memory/tree/dapp.go:294.2,295.16 2 0
gitlab.inspr.dev/inspr/core/cmd/insprd/memory/tree/dapp.go:298.2,298.30 1 0
gitlab.inspr.dev/inspr/core/cmd/insprd/memory/tree/dapp.go:306.2,306.31 1 0
gitlab.inspr.dev/inspr/core/cmd/insprd/memory/tree/dapp.go:271.16,273.3 1 0
gitlab.inspr.dev/inspr/core/cmd/insprd/memory/tree/dapp.go:274.28,275.39 1 0
gitlab.inspr.dev/inspr/core/cmd/insprd/memory/tree/dapp.go:275.39,276.76 1 0
gitlab.inspr.dev/inspr/core/cmd/insprd/memory/tree/dapp.go:276.76,278.5 1 0
gitlab.inspr.dev/inspr/core/cmd/insprd/memory/tree/dapp.go:283.16,285.3 1 0
gitlab.inspr.dev/inspr/core/cmd/insprd/memory/tree/dapp.go:286.32,287.43 1 0
gitlab.inspr.dev/inspr/core/cmd/insprd/memory/tree/dapp.go:287.43,288.80 1 0
gitlab.inspr.dev/inspr/core/cmd/insprd/memory/tree/dapp.go:288.80,290.5 1 0
gitlab.inspr.dev/inspr/core/cmd/insprd/memory/tree/dapp.go:295.16,297.3 1 0
gitlab.inspr.dev/inspr/core/cmd/insprd/memory/tree/dapp.go:298.30,299.41 1 0
gitlab.inspr.dev/inspr/core/cmd/insprd/memory/tree/dapp.go:299.41,300.78 1 0
gitlab.inspr.dev/inspr/core/cmd/insprd/memory/tree/dapp.go:300.78,302.5 1 0
gitlab.inspr.dev/inspr/core/cmd/insprd/memory/tree/dapp.go:309.33,311.2 1 0
gitlab.inspr.dev/inspr/core/cmd/insprd/memory/tree/dapp.go:316.72,320.21 3 0
gitlab.inspr.dev/inspr/core/cmd/insprd/memory/tree/dapp.go:331.2,331.13 1 0
gitlab.inspr.dev/inspr/core/cmd/insprd/memory/tree/dapp.go:320.21,321.39 1 0
gitlab.inspr.dev/inspr/core/cmd/insprd/memory/tree/dapp.go:329.3,329.15 1 0
gitlab.inspr.dev/inspr/core/cmd/insprd/memory/tree/dapp.go:321.39,324.54 2 0
gitlab.inspr.dev/inspr/core/cmd/insprd/memory/tree/dapp.go:324.54,327.5 1 0
gitlab.inspr.dev/inspr/core/pkg/rest/middleware.go:6.33,7.54 1 1
gitlab.inspr.dev/inspr/core/pkg/rest/middleware.go:7.54,10.3 2 1
gitlab.inspr.dev/inspr/core/pkg/rest/utils.go:10.68,13.16 3 1
gitlab.inspr.dev/inspr/core/pkg/rest/utils.go:13.16,15.3 1 0
gitlab.inspr.dev/inspr/core/pkg/rest/utils.go:19.62,20.16 1 1
gitlab.inspr.dev/inspr/core/pkg/rest/utils.go:20.16,26.3 1 1
gitlab.inspr.dev/inspr/core/pkg/rest/utils.go:26.8,28.3 1 0
gitlab.inspr.dev/inspr/core/pkg/ierrors/error.go:16.39,18.2 1 0
gitlab.inspr.dev/inspr/core/pkg/ierrors/error.go:21.29,25.2 1 0
gitlab.inspr.dev/inspr/core/pkg/ierrors/error.go:28.45,31.2 2 0
gitlab.inspr.dev/inspr/core/pkg/ierrors/error.go:34.50,37.2 2 0
gitlab.inspr.dev/inspr/core/pkg/ierrors/error.go:40.47,43.2 2 0
gitlab.inspr.dev/inspr/core/pkg/ierrors/error.go:46.51,49.2 2 0
gitlab.inspr.dev/inspr/core/pkg/ierrors/error.go:52.48,55.2 2 0
gitlab.inspr.dev/inspr/core/pkg/ierrors/error.go:58.47,61.2 2 0
gitlab.inspr.dev/inspr/core/pkg/ierrors/error.go:64.51,67.2 2 0
gitlab.inspr.dev/inspr/core/pkg/ierrors/error.go:70.55,73.2 2 0
gitlab.inspr.dev/inspr/core/pkg/ierrors/error.go:76.54,79.2 2 0
gitlab.inspr.dev/inspr/core/pkg/ierrors/error.go:82.56,85.2 2 0
gitlab.inspr.dev/inspr/core/pkg/ierrors/error.go:88.42,90.2 1 0
gitlab.inspr.dev/inspr/core/pkg/ierrors/error.go:93.46,95.9 2 0
gitlab.inspr.dev/inspr/core/pkg/ierrors/error.go:98.2,98.27 1 0
[...]
gitlab.inspr.dev/inspr/core/cmd/insprd/memory/tree/channel-types.go:93.2,96.18 3 1
gitlab.inspr.dev/inspr/core/cmd/insprd/memory/tree/channel-types.go:100.2,100.12 1 1
gitlab.inspr.dev/inspr/core/cmd/insprd/memory/tree/channel-types.go:82.32,85.3 1 1
gitlab.inspr.dev/inspr/core/cmd/insprd/memory/tree/channel-types.go:88.16,91.3 1 0
gitlab.inspr.dev/inspr/core/cmd/insprd/memory/tree/channel-types.go:96.18,99.3 1 0
gitlab.inspr.dev/inspr/core/cmd/insprd/memory/tree/channel-types.go:108.100,111.16 2 1
gitlab.inspr.dev/inspr/core/cmd/insprd/memory/tree/channel-types.go:116.2,117.16 2 1
gitlab.inspr.dev/inspr/core/cmd/insprd/memory/tree/channel-types.go:122.2,123.12 2 1
gitlab.inspr.dev/inspr/core/cmd/insprd/memory/tree/channel-types.go:111.16,114.3 1 1
gitlab.inspr.dev/inspr/core/cmd/insprd/memory/tree/channel-types.go:117.16,120.3 1 0
gitlab.inspr.dev/inspr/core/cmd/insprd/memory/tree/mock-manager.go:18.57,19.15 1 1
gitlab.inspr.dev/inspr/core/cmd/insprd/memory/tree/mock-manager.go:24.2,26.3 1 1
gitlab.inspr.dev/inspr/core/cmd/insprd/memory/tree/mock-manager.go:19.15,23.3 1 0
gitlab.inspr.dev/inspr/core/cmd/insprd/memory/tree/mock-manager.go:30.65,31.16 1 1
gitlab.inspr.dev/inspr/core/cmd/insprd/memory/tree/mock-manager.go:36.2,38.3 1 1
gitlab.inspr.dev/inspr/core/cmd/insprd/memory/tree/mock-manager.go:31.16,35.3 1 0
gitlab.inspr.dev/inspr/core/cmd/insprd/memory/tree/mock-manager.go:42.49,43.15 1 1
gitlab.inspr.dev/inspr/core/cmd/insprd/memory/tree/mock-manager.go:49.2,51.3 1 1
gitlab.inspr.dev/inspr/core/cmd/insprd/memory/tree/mock-manager.go:43.15,48.3 1 1
gitlab.inspr.dev/inspr/core/cmd/insprd/api/controllers/routes.go:9.31,11.77 2 0
gitlab.inspr.dev/inspr/core/cmd/insprd/api/controllers/routes.go:32.2,33.73 2 0
gitlab.inspr.dev/inspr/core/cmd/insprd/api/controllers/routes.go:54.2,55.81 2 0
gitlab.inspr.dev/inspr/core/cmd/insprd/api/controllers/routes.go:11.77,12.19 1 0
gitlab.inspr.dev/inspr/core/cmd/insprd/api/controllers/routes.go:14.23,15.49 1 0
gitlab.inspr.dev/inspr/core/cmd/insprd/api/controllers/routes.go:17.24,18.47 1 0
gitlab.inspr.dev/inspr/core/cmd/insprd/api/controllers/routes.go:20.23,21.47 1 0
gitlab.inspr.dev/inspr/core/cmd/insprd/api/controllers/routes.go:23.26,24.47 1 0
gitlab.inspr.dev/inspr/core/cmd/insprd/api/controllers/routes.go:26.11,28.10 2 0
gitlab.inspr.dev/inspr/core/cmd/insprd/api/controllers/routes.go:33.73,34.19 1 0
gitlab.inspr.dev/inspr/core/cmd/insprd/api/controllers/routes.go:36.23,37.45 1 0
gitlab.inspr.dev/inspr/core/cmd/insprd/api/controllers/routes.go:39.24,40.43 1 0
gitlab.inspr.dev/inspr/core/cmd/insprd/api/controllers/routes.go:42.23,43.43 1 0
gitlab.inspr.dev/inspr/core/cmd/insprd/api/controllers/routes.go:45.26,46.43 1 0
gitlab.inspr.dev/inspr/core/cmd/insprd/api/controllers/routes.go:48.11,50.10 2 0
gitlab.inspr.dev/inspr/core/cmd/insprd/api/controllers/routes.go:55.81,56.19 1 0
gitlab.inspr.dev/inspr/core/cmd/insprd/api/controllers/routes.go:58.23,59.54 1 0
gitlab.inspr.dev/inspr/core/cmd/insprd/api/controllers/routes.go:61.24,62.52 1 0
gitlab.inspr.dev/inspr/core/cmd/insprd/api/controllers/routes.go:64.23,65.52 1 0
gitlab.inspr.dev/inspr/core/cmd/insprd/api/controllers/routes.go:67.26,68.52 1 0
gitlab.inspr.dev/inspr/core/cmd/insprd/api/controllers/routes.go:70.11,72.10 2 0
gitlab.inspr.dev/inspr/core/cmd/insprd/api/mocks/channel.go:13.87,14.21 1 0
gitlab.inspr.dev/inspr/core/cmd/insprd/api/mocks/channel.go:17.2,17.29 1 0
gitlab.inspr.dev/inspr/core/cmd/insprd/api/mocks/channel.go:14.21,16.3 1 0
gitlab.inspr.dev/inspr/core/cmd/insprd/api/mocks/channel.go:21.76,22.21 1 0
gitlab.inspr.dev/inspr/core/cmd/insprd/api/mocks/channel.go:25.2,25.12 1 0
gitlab.inspr.dev/inspr/core/cmd/insprd/api/mocks/channel.go:22.21,24.3 1 0
gitlab.inspr.dev/inspr/core/cmd/insprd/api/mocks/channel.go:29.73,30.21 1 0
gitlab.inspr.dev/inspr/core/cmd/insprd/api/mocks/channel.go:33.2,33.12 1 0
gitlab.inspr.dev/inspr/core/cmd/insprd/api/mocks/channel.go:30.21,32.3 1 0
gitlab.inspr.dev/inspr/core/cmd/insprd/api/mocks/channel.go:37.76,38.21 1 0
gitlab.inspr.dev/inspr/core/cmd/insprd/api/mocks/channel.go:41.2,41.12 1 0
gitlab.inspr.dev/inspr/core/cmd/insprd/api/mocks/channel.go:38.21,40.3 1 0
gitlab.inspr.dev/inspr/core/cmd/insprd/api/mocks/channel_type.go:13.102,14.24 1 0
gitlab.inspr.dev/inspr/core/cmd/insprd/api/mocks/channel_type.go:17.2,17.33 1 0
gitlab.inspr.dev/inspr/core/cmd/insprd/api/mocks/channel_type.go:14.24,16.3 1 0
gitlab.inspr.dev/inspr/core/cmd/insprd/api/mocks/channel_type.go:21.91,22.24 1 0
gitlab.inspr.dev/inspr/core/cmd/insprd/api/mocks/channel_type.go:25.2,25.12 1 0
gitlab.inspr.dev/inspr/core/cmd/insprd/api/mocks/channel_type.go:22.24,24.3 1 0
gitlab.inspr.dev/inspr/core/cmd/insprd/api/mocks/channel_type.go:29.84,30.24 1 0
gitlab.inspr.dev/inspr/core/cmd/insprd/api/mocks/channel_type.go:33.2,33.12 1 0
gitlab.inspr.dev/inspr/core/cmd/insprd/api/mocks/channel_type.go:30.24,32.3 1 0
gitlab.inspr.dev/inspr/core/cmd/insprd/api/mocks/channel_type.go:37.91,38.24 1 0
gitlab.inspr.dev/inspr/core/cmd/insprd/api/mocks/channel_type.go:41.2,41.12 1 0
gitlab.inspr.dev/inspr/core/cmd/insprd/api/mocks/channel_type.go:38.24,40.3 1 0
gitlab.inspr.dev/inspr/core/cmd/insprd/api/mocks/mem_manager.go:16.54,28.2 1 0
gitlab.inspr.dev/inspr/core/cmd/insprd/api/mocks/mem_manager.go:31.47,33.2 1 0
gitlab.inspr.dev/inspr/core/cmd/insprd/api/mocks/mem_manager.go:36.55,38.2 1 0
gitlab.inspr.dev/inspr/core/cmd/insprd/api/mocks/mem_manager.go:41.63,43.2 1 0
gitlab.inspr.dev/inspr/core/cmd/insprd/memory/tree/manager.go:16.37,17.17 1 1
gitlab.inspr.dev/inspr/core/cmd/insprd/memory/tree/manager.go:20.2,20.13 1 1
gitlab.inspr.dev/inspr/core/cmd/insprd/memory/tree/manager.go:17.17,19.3 1 0
gitlab.inspr.dev/inspr/core/cmd/insprd/memory/tree/manager.go:23.37,36.2 1 0
gitlab.inspr.dev/inspr/core/cmd/insprd/memory/tree/manager.go:38.34,40.2 1 1
gitlab.inspr.dev/inspr/core/cmd/insprd/api/server.go:11.12,15.2 2 0
gitlab.inspr.dev/inspr/core/cmd/insprd/memory/tree/channel.go:18.59,22.2 1 1
gitlab.inspr.dev/inspr/core/cmd/insprd/memory/tree/channel.go:29.99,31.16 2 1
gitlab.inspr.dev/inspr/core/cmd/insprd/memory/tree/channel.go:36.2,36.36 1 1
gitlab.inspr.dev/inspr/core/cmd/insprd/memory/tree/channel.go:42.2,43.22 2 1
gitlab.inspr.dev/inspr/core/cmd/insprd/memory/tree/channel.go:31.16,34.3 2 1
gitlab.inspr.dev/inspr/core/cmd/insprd/memory/tree/channel.go:36.36,37.52 1 1
gitlab.inspr.dev/inspr/core/cmd/insprd/memory/tree/channel.go:37.52,39.4 1 1
gitlab.inspr.dev/inspr/core/cmd/insprd/memory/tree/channel.go:50.88,52.27 2 1
gitlab.inspr.dev/inspr/core/cmd/insprd/memory/tree/channel.go:56.2,57.16 2 1
gitlab.inspr.dev/inspr/core/cmd/insprd/memory/tree/channel.go:62.2,62.61 1 1
gitlab.inspr.dev/inspr/core/cmd/insprd/memory/tree/channel.go:66.2,66.36 1 1
gitlab.inspr.dev/inspr/core/cmd/insprd/memory/tree/channel.go:69.2,71.12 2 1
gitlab.inspr.dev/inspr/core/cmd/insprd/memory/tree/channel.go:52.27,54.3 1 1
gitlab.inspr.dev/inspr/core/cmd/insprd/memory/tree/channel.go:57.16,60.3 2 1
gitlab.inspr.dev/inspr/core/cmd/insprd/memory/tree/channel.go:62.61,64.3 1 0
gitlab.inspr.dev/inspr/core/cmd/insprd/memory/tree/channel.go:66.36,68.3 1 0
gitlab.inspr.dev/inspr/core/cmd/insprd/memory/tree/channel.go:80.85,82.16 2 1
gitlab.inspr.dev/inspr/core/cmd/insprd/memory/tree/channel.go:87.2,91.12 3 1
gitlab.inspr.dev/inspr/core/cmd/insprd/memory/tree/channel.go:82.16,85.3 2 1
gitlab.inspr.dev/inspr/core/cmd/insprd/memory/tree/channel.go:100.88,102.16 2 1
gitlab.inspr.dev/inspr/core/cmd/insprd/memory/tree/channel.go:107.2,109.61 2 1
gitlab.inspr.dev/inspr/core/cmd/insprd/memory/tree/channel.go:113.2,115.12 2 1
gitlab.inspr.dev/inspr/core/cmd/insprd/memory/tree/channel.go:102.16,105.3 2 1
gitlab.inspr.dev/inspr/core/cmd/insprd/memory/tree/channel.go:109.61,111.3 1 0
gitlab.inspr.dev/inspr/core/cmd/insprd/memory/tree/mock-channel.go:13.97,15.2 1 0
gitlab.inspr.dev/inspr/core/cmd/insprd/memory/tree/mock-channel.go:18.86,20.2 1 0
gitlab.inspr.dev/inspr/core/cmd/insprd/memory/tree/mock-channel.go:23.83,25.2 1 0
gitlab.inspr.dev/inspr/core/cmd/insprd/memory/tree/mock-channel.go:28.84,30.2 1 0
gitlab.inspr.dev/inspr/core/cmd/insprd/memory/tree/mock-app.go:12.69,13.21 1 1
gitlab.inspr.dev/inspr/core/cmd/insprd/memory/tree/mock-app.go:16.2,16.23 1 1
gitlab.inspr.dev/inspr/core/cmd/insprd/memory/tree/mock-app.go:13.21,15.3 1 1
gitlab.inspr.dev/inspr/core/cmd/insprd/memory/tree/mock-app.go:20.76,22.2 1 0
gitlab.inspr.dev/inspr/core/cmd/insprd/memory/tree/mock-app.go:25.59,27.2 1 0
gitlab.inspr.dev/inspr/core/cmd/insprd/memory/tree/mock-app.go:30.74,32.2 1 0
gitlab.inspr.dev/inspr/core/cmd/insprd/api/handlers/channel_type_handler.go:20.75,24.2 1 0
gitlab.inspr.dev/inspr/core/cmd/insprd/api/handlers/channel_type_handler.go:28.71,29.58 1 0
gitlab.inspr.dev/inspr/core/cmd/insprd/api/handlers/channel_type_handler.go:46.2,46.30 1 0
gitlab.inspr.dev/inspr/core/cmd/insprd/api/handlers/channel_type_handler.go:29.58,34.32 4 0
gitlab.inspr.dev/inspr/core/cmd/insprd/api/handlers/channel_type_handler.go:39.3,40.17 2 0
gitlab.inspr.dev/inspr/core/cmd/insprd/api/handlers/channel_type_handler.go:44.3,44.31 1 0
gitlab.inspr.dev/inspr/core/cmd/insprd/api/handlers/channel_type_handler.go:34.32,37.4 2 0
gitlab.inspr.dev/inspr/core/cmd/insprd/api/handlers/channel_type_handler.go:40.17,43.4 2 0
gitlab.inspr.dev/inspr/core/cmd/insprd/api/handlers/channel_type_handler.go:51.73,52.58 1 0
gitlab.inspr.dev/inspr/core/cmd/insprd/api/handlers/channel_type_handler.go:69.2,69.30 1 0
gitlab.inspr.dev/inspr/core/cmd/insprd/api/handlers/channel_type_handler.go:52.58,57.32 4 0
gitlab.inspr.dev/inspr/core/cmd/insprd/api/handlers/channel_type_handler.go:62.3,63.17 2 0
gitlab.inspr.dev/inspr/core/cmd/insprd/api/handlers/channel_type_handler.go:67.3,67.43 1 0
gitlab.inspr.dev/inspr/core/cmd/insprd/api/handlers/channel_type_handler.go:57.32,60.4 2 0
gitlab.inspr.dev/inspr/core/cmd/insprd/api/handlers/channel_type_handler.go:63.17,66.4 2 0
gitlab.inspr.dev/inspr/core/cmd/insprd/api/handlers/channel_type_handler.go:74.71,75.58 1 0
gitlab.inspr.dev/inspr/core/cmd/insprd/api/handlers/channel_type_handler.go:92.2,92.30 1 0
gitlab.inspr.dev/inspr/core/cmd/insprd/api/handlers/channel_type_handler.go:75.58,80.32 4 0
gitlab.inspr.dev/inspr/core/cmd/insprd/api/handlers/channel_type_handler.go:85.3,86.17 2 0
gitlab.inspr.dev/inspr/core/cmd/insprd/api/handlers/channel_type_handler.go:90.3,90.31 1 0
gitlab.inspr.dev/inspr/core/cmd/insprd/api/handlers/channel_type_handler.go:80.32,83.4 2 0
gitlab.inspr.dev/inspr/core/cmd/insprd/api/handlers/channel_type_handler.go:86.17,89.4 2 0
gitlab.inspr.dev/inspr/core/cmd/insprd/api/handlers/channel_type_handler.go:97.71,98.58 1 0
gitlab.inspr.dev/inspr/core/cmd/insprd/api/handlers/channel_type_handler.go:115.2,115.30 1 0
gitlab.inspr.dev/inspr/core/cmd/insprd/api/handlers/channel_type_handler.go:98.58,103.32 4 0
gitlab.inspr.dev/inspr/core/cmd/insprd/api/handlers/channel_type_handler.go:108.3,109.17 2 0
gitlab.inspr.dev/inspr/core/cmd/insprd/api/handlers/channel_type_handler.go:113.3,113.31 1 0
gitlab.inspr.dev/inspr/core/cmd/insprd/api/handlers/channel_type_handler.go:103.32,106.4 2 0
gitlab.inspr.dev/inspr/core/cmd/insprd/api/handlers/channel_type_handler.go:109.17,112.4 2 0
gitlab.inspr.dev/inspr/core/cmd/insprd/api/mocks/dapp.go:13.59,14.22 1 0
gitlab.inspr.dev/inspr/core/cmd/insprd/api/mocks/dapp.go:17.2,17.25 1 0
gitlab.inspr.dev/inspr/core/cmd/insprd/api/mocks/dapp.go:14.22,16.3 1 0
gitlab.inspr.dev/inspr/core/cmd/insprd/api/mocks/dapp.go:21.66,22.22 1 0
gitlab.inspr.dev/inspr/core/cmd/insprd/api/mocks/dapp.go:25.2,25.12 1 0
gitlab.inspr.dev/inspr/core/cmd/insprd/api/mocks/dapp.go:22.22,24.3 1 0
gitlab.inspr.dev/inspr/core/cmd/insprd/api/mocks/dapp.go:29.49,30.22 1 0
gitlab.inspr.dev/inspr/core/cmd/insprd/api/mocks/dapp.go:33.2,33.12 1 0
gitlab.inspr.dev/inspr/core/cmd/insprd/api/mocks/dapp.go:30.22,32.3 1 0
gitlab.inspr.dev/inspr/core/cmd/insprd/api/mocks/dapp.go:37.64,38.22 1 0
gitlab.inspr.dev/inspr/core/cmd/insprd/api/mocks/dapp.go:41.2,41.12 1 0
gitlab.inspr.dev/inspr/core/cmd/insprd/api/mocks/dapp.go:38.22,40.3 1 0
gitlab.inspr.dev/inspr/core/cmd/insprd/memory/tree/dapp.go:19.51,23.2 1 1
gitlab.inspr.dev/inspr/core/cmd/insprd/memory/tree/dapp.go:32.70,33.17 1 1
gitlab.inspr.dev/inspr/core/cmd/insprd/memory/tree/dapp.go:37.2,41.19 4 1
gitlab.inspr.dev/inspr/core/cmd/insprd/memory/tree/dapp.go:51.2,51.17 1 0
gitlab.inspr.dev/inspr/core/cmd/insprd/memory/tree/dapp.go:33.17,35.3 1 1
gitlab.inspr.dev/inspr/core/cmd/insprd/memory/tree/dapp.go:41.19,42.37 1 1
gitlab.inspr.dev/inspr/core/cmd/insprd/memory/tree/dapp.go:48.3,48.21 1 1
gitlab.inspr.dev/inspr/core/cmd/insprd/memory/tree/dapp.go:42.37,44.21 2 1
gitlab.inspr.dev/inspr/core/cmd/insprd/memory/tree/dapp.go:44.21,46.5 1 1
gitlab.inspr.dev/inspr/core/cmd/insprd/memory/tree/dapp.go:57.77,58.42 1 1
gitlab.inspr.dev/inspr/core/cmd/insprd/memory/tree/dapp.go:62.2,63.16 2 1
gitlab.inspr.dev/inspr/core/cmd/insprd/memory/tree/dapp.go:67.2,68.27 2 1
gitlab.inspr.dev/inspr/core/cmd/insprd/memory/tree/dapp.go:85.2,85.73 1 1
gitlab.inspr.dev/inspr/core/cmd/insprd/memory/tree/dapp.go:58.42,60.3 1 0
gitlab.inspr.dev/inspr/core/cmd/insprd/memory/tree/dapp.go:63.16,65.3 1 1
gitlab.inspr.dev/inspr/core/cmd/insprd/memory/tree/dapp.go:68.27,69.27 1 1
gitlab.inspr.dev/inspr/core/cmd/insprd/memory/tree/dapp.go:72.3,75.34 3 1
gitlab.inspr.dev/inspr/core/cmd/insprd/memory/tree/dapp.go:82.3,82.13 1 1
gitlab.inspr.dev/inspr/core/cmd/insprd/memory/tree/dapp.go:69.27,71.4 1 0
gitlab.inspr.dev/inspr/core/cmd/insprd/memory/tree/dapp.go:75.34,77.45 2 1
gitlab.inspr.dev/inspr/core/cmd/insprd/memory/tree/dapp.go:77.45,79.5 1 0
gitlab.inspr.dev/inspr/core/cmd/insprd/memory/tree/dapp.go:94.60,95.17 1 1
gitlab.inspr.dev/inspr/core/cmd/insprd/memory/tree/dapp.go:99.2,100.16 2 1
gitlab.inspr.dev/inspr/core/cmd/insprd/memory/tree/dapp.go:103.2,104.22 2 1
gitlab.inspr.dev/inspr/core/cmd/insprd/memory/tree/dapp.go:108.2,110.12 2 1
gitlab.inspr.dev/inspr/core/cmd/insprd/memory/tree/dapp.go:95.17,97.3 1 1
gitlab.inspr.dev/inspr/core/cmd/insprd/memory/tree/dapp.go:100.16,102.3 1 1
gitlab.inspr.dev/inspr/core/cmd/insprd/memory/tree/dapp.go:104.22,106.3 1 0
gitlab.inspr.dev/inspr/core/cmd/insprd/memory/tree/dapp.go:116.75,118.16 2 1
gitlab.inspr.dev/inspr/core/cmd/insprd/memory/tree/dapp.go:122.2,122.43 1 1
gitlab.inspr.dev/inspr/core/cmd/insprd/memory/tree/dapp.go:125.2,125.63 1 1
gitlab.inspr.dev/inspr/core/cmd/insprd/memory/tree/dapp.go:129.2,130.27 2 1
gitlab.inspr.dev/inspr/core/cmd/insprd/memory/tree/dapp.go:134.2,139.12 5 1
gitlab.inspr.dev/inspr/core/cmd/insprd/memory/tree/dapp.go:118.16,120.3 1 0
gitlab.inspr.dev/inspr/core/cmd/insprd/memory/tree/dapp.go:122.43,124.3 1 1
gitlab.inspr.dev/inspr/core/cmd/insprd/memory/tree/dapp.go:125.63,127.3 1 1
gitlab.inspr.dev/inspr/core/cmd/insprd/memory/tree/dapp.go:130.27,132.3 1 0
gitlab.inspr.dev/inspr/core/cmd/insprd/memory/tree/dapp.go:143.56,151.21 8 1
gitlab.inspr.dev/inspr/core/cmd/insprd/memory/tree/dapp.go:155.2,155.16 1 1
gitlab.inspr.dev/inspr/core/cmd/insprd/memory/tree/dapp.go:158.2,158.24 1 1
gitlab.inspr.dev/inspr/core/cmd/insprd/memory/tree/dapp.go:161.2,161.24 1 1
gitlab.inspr.dev/inspr/core/cmd/insprd/memory/tree/dapp.go:165.2,165.23 1 1
gitlab.inspr.dev/inspr/core/cmd/insprd/memory/tree/dapp.go:151.21,153.3 1 1
gitlab.inspr.dev/inspr/core/cmd/insprd/memory/tree/dapp.go:155.16,157.3 1 1
gitlab.inspr.dev/inspr/core/cmd/insprd/memory/tree/dapp.go:158.24,160.3 1 1
gitlab.inspr.dev/inspr/core/cmd/insprd/memory/tree/dapp.go:161.24,163.3 1 1
gitlab.inspr.dev/inspr/core/cmd/insprd/memory/tree/dapp.go:168.39,175.2 5 1
gitlab.inspr.dev/inspr/core/cmd/insprd/memory/tree/dapp.go:177.94,179.30 2 1
gitlab.inspr.dev/inspr/core/cmd/insprd/memory/tree/dapp.go:201.2,201.23 1 1
gitlab.inspr.dev/inspr/core/cmd/insprd/memory/tree/dapp.go:179.30,181.3 1 1
gitlab.inspr.dev/inspr/core/cmd/insprd/memory/tree/dapp.go:181.8,182.27 1 1
gitlab.inspr.dev/inspr/core/cmd/insprd/memory/tree/dapp.go:191.3,191.28 1 1
gitlab.inspr.dev/inspr/core/cmd/insprd/memory/tree/dapp.go:182.27,183.38 1 1
gitlab.inspr.dev/inspr/core/cmd/insprd/memory/tree/dapp.go:183.38,184.37 1 1
gitlab.inspr.dev/inspr/core/cmd/insprd/memory/tree/dapp.go:184.37,186.11 2 1
gitlab.inspr.dev/inspr/core/cmd/insprd/memory/tree/dapp.go:191.28,192.40 1 1
gitlab.inspr.dev/inspr/core/cmd/insprd/memory/tree/dapp.go:192.40,193.38 1 1
gitlab.inspr.dev/inspr/core/cmd/insprd/memory/tree/dapp.go:193.38,195.11 2 1
gitlab.inspr.dev/inspr/core/cmd/insprd/memory/tree/dapp.go:204.55,211.2 4 1
gitlab.inspr.dev/inspr/core/cmd/insprd/memory/tree/dapp.go:213.74,215.16 2 1
gitlab.inspr.dev/inspr/core/cmd/insprd/memory/tree/dapp.go:219.2,219.30 1 1
gitlab.inspr.dev/inspr/core/cmd/insprd/memory/tree/dapp.go:231.2,232.16 2 1
gitlab.inspr.dev/inspr/core/cmd/insprd/memory/tree/dapp.go:236.2,236.111 1 1
gitlab.inspr.dev/inspr/core/cmd/insprd/memory/tree/dapp.go:240.2,240.41 1 1
gitlab.inspr.dev/inspr/core/cmd/insprd/memory/tree/dapp.go:260.2,260.12 1 1
gitlab.inspr.dev/inspr/core/cmd/insprd/memory/tree/dapp.go:215.16,217.3 1 0
gitlab.inspr.dev/inspr/core/cmd/insprd/memory/tree/dapp.go:219.30,221.23 2 1
gitlab.inspr.dev/inspr/core/cmd/insprd/memory/tree/dapp.go:225.3,226.23 2 1
gitlab.inspr.dev/inspr/core/cmd/insprd/memory/tree/dapp.go:221.23,223.4 1 0
gitlab.inspr.dev/inspr/core/cmd/insprd/memory/tree/dapp.go:226.23,228.4 1 1
gitlab.inspr.dev/inspr/core/cmd/insprd/memory/tree/dapp.go:232.16,234.3 1 0
gitlab.inspr.dev/inspr/core/cmd/insprd/memory/tree/dapp.go:236.111,238.3 1 1
gitlab.inspr.dev/inspr/core/cmd/insprd/memory/tree/dapp.go:240.41,241.54 1 1
gitlab.inspr.dev/inspr/core/cmd/insprd/memory/tree/dapp.go:241.54,244.22 3 1
gitlab.inspr.dev/inspr/core/cmd/insprd/memory/tree/dapp.go:244.22,247.30 3 0
gitlab.inspr.dev/inspr/core/cmd/insprd/memory/tree/dapp.go:247.30,249.6 1 0
gitlab.inspr.dev/inspr/core/cmd/insprd/memory/tree/dapp.go:250.10,253.26 3 1
gitlab.inspr.dev/inspr/core/cmd/insprd/memory/tree/dapp.go:253.26,255.6 1 1
gitlab.inspr.dev/inspr/core/cmd/insprd/memory/tree/dapp.go:263.99,271.16 3 1
gitlab.inspr.dev/inspr/core/cmd/insprd/memory/tree/dapp.go:274.2,274.28 1 1
gitlab.inspr.dev/inspr/core/cmd/insprd/memory/tree/dapp.go:282.2,283.16 2 1
gitlab.inspr.dev/inspr/core/cmd/insprd/memory/tree/dapp.go:286.2,286.32 1 1
gitlab.inspr.dev/inspr/core/cmd/insprd/memory/tree/dapp.go:294.2,295.16 2 1
gitlab.inspr.dev/inspr/core/cmd/insprd/memory/tree/dapp.go:298.2,298.30 1 1
gitlab.inspr.dev/inspr/core/cmd/insprd/memory/tree/dapp.go:306.2,306.31 1 1
gitlab.inspr.dev/inspr/core/cmd/insprd/memory/tree/dapp.go:271.16,273.3 1 0
gitlab.inspr.dev/inspr/core/cmd/insprd/memory/tree/dapp.go:274.28,275.39 1 1
gitlab.inspr.dev/inspr/core/cmd/insprd/memory/tree/dapp.go:275.39,276.76 1 1
gitlab.inspr.dev/inspr/core/cmd/insprd/memory/tree/dapp.go:276.76,278.5 1 1
gitlab.inspr.dev/inspr/core/cmd/insprd/memory/tree/dapp.go:283.16,285.3 1 0
gitlab.inspr.dev/inspr/core/cmd/insprd/memory/tree/dapp.go:286.32,287.43 1 1
gitlab.inspr.dev/inspr/core/cmd/insprd/memory/tree/dapp.go:287.43,288.80 1 1
gitlab.inspr.dev/inspr/core/cmd/insprd/memory/tree/dapp.go:288.80,290.5 1 1
gitlab.inspr.dev/inspr/core/cmd/insprd/memory/tree/dapp.go:295.16,297.3 1 0
gitlab.inspr.dev/inspr/core/cmd/insprd/memory/tree/dapp.go:298.30,299.41 1 1
gitlab.inspr.dev/inspr/core/cmd/insprd/memory/tree/dapp.go:299.41,300.78 1 1
gitlab.inspr.dev/inspr/core/cmd/insprd/memory/tree/dapp.go:300.78,302.5 1 1
gitlab.inspr.dev/inspr/core/cmd/insprd/memory/tree/dapp.go:309.33,311.2 1 1
gitlab.inspr.dev/inspr/core/cmd/insprd/memory/tree/dapp.go:316.72,320.21 3 1
gitlab.inspr.dev/inspr/core/cmd/insprd/memory/tree/dapp.go:331.2,331.13 1 1
gitlab.inspr.dev/inspr/core/cmd/insprd/memory/tree/dapp.go:320.21,321.39 1 1
gitlab.inspr.dev/inspr/core/cmd/insprd/memory/tree/dapp.go:329.3,329.15 1 1
gitlab.inspr.dev/inspr/core/cmd/insprd/memory/tree/dapp.go:321.39,324.54 2 1
gitlab.inspr.dev/inspr/core/cmd/insprd/memory/tree/dapp.go:324.54,327.5 1 0
