mode: set
gitlab.inspr.dev/inspr/core/pkg/sidecar/server/mocks.go:10.36,16.2 1 1
gitlab.inspr.dev/inspr/core/pkg/sidecar/server/mocks.go:25.73,26.19 1 1
gitlab.inspr.dev/inspr/core/pkg/sidecar/server/mocks.go:32.2,35.3 1 1
gitlab.inspr.dev/inspr/core/pkg/sidecar/server/mocks.go:26.19,31.3 1 1
gitlab.inspr.dev/inspr/core/pkg/sidecar/server/mocks.go:38.59,39.19 1 1
gitlab.inspr.dev/inspr/core/pkg/sidecar/server/mocks.go:42.2,42.12 1 1
gitlab.inspr.dev/inspr/core/pkg/sidecar/server/mocks.go:39.19,41.3 1 1
gitlab.inspr.dev/inspr/core/pkg/sidecar/server/mocks.go:45.75,46.19 1 1
gitlab.inspr.dev/inspr/core/pkg/sidecar/server/mocks.go:49.2,49.12 1 1
gitlab.inspr.dev/inspr/core/pkg/sidecar/server/mocks.go:46.19,48.3 1 1
gitlab.inspr.dev/inspr/core/pkg/sidecar/server/server.go:26.57,35.2 4 1
gitlab.inspr.dev/inspr/core/pkg/sidecar/server/server.go:38.31,45.2 4 1
gitlab.inspr.dev/inspr/core/pkg/sidecar/server/server.go:48.43,61.16 5 1
gitlab.inspr.dev/inspr/core/pkg/sidecar/server/server.go:66.2,66.12 1 1
gitlab.inspr.dev/inspr/core/pkg/sidecar/server/server.go:72.2,73.9 2 1
gitlab.inspr.dev/inspr/core/pkg/sidecar/server/server.go:61.16,64.3 2 0
gitlab.inspr.dev/inspr/core/pkg/sidecar/server/server.go:66.12,67.78 1 1
gitlab.inspr.dev/inspr/core/pkg/sidecar/server/server.go:67.78,69.4 1 0
gitlab.inspr.dev/inspr/core/pkg/sidecar/server/server.go:74.20,80.53 4 1
gitlab.inspr.dev/inspr/core/pkg/sidecar/server/server.go:84.3,85.17 2 0
gitlab.inspr.dev/inspr/core/pkg/sidecar/server/server.go:89.3,90.34 2 0
gitlab.inspr.dev/inspr/core/pkg/sidecar/server/server.go:93.3,93.9 1 0
gitlab.inspr.dev/inspr/core/pkg/sidecar/server/server.go:80.53,82.4 1 0
gitlab.inspr.dev/inspr/core/pkg/sidecar/server/server.go:85.17,87.4 1 0
gitlab.inspr.dev/inspr/core/pkg/sidecar/server/server.go:90.34,92.4 1 0
gitlab.inspr.dev/inspr/core/pkg/sidecar/server/handlers.go:24.56,29.2 1 1
gitlab.inspr.dev/inspr/core/pkg/sidecar/server/handlers.go:32.87,37.62 4 1
gitlab.inspr.dev/inspr/core/pkg/sidecar/server/handlers.go:45.2,47.52 2 1
gitlab.inspr.dev/inspr/core/pkg/sidecar/server/handlers.go:52.2,52.75 1 1
gitlab.inspr.dev/inspr/core/pkg/sidecar/server/handlers.go:37.62,43.3 3 1
gitlab.inspr.dev/inspr/core/pkg/sidecar/server/handlers.go:47.52,50.3 2 1
gitlab.inspr.dev/inspr/core/pkg/sidecar/server/handlers.go:52.75,54.3 1 1
gitlab.inspr.dev/inspr/core/pkg/sidecar/server/handlers.go:58.86,64.62 4 1
gitlab.inspr.dev/inspr/core/pkg/sidecar/server/handlers.go:69.2,71.52 2 1
gitlab.inspr.dev/inspr/core/pkg/sidecar/server/handlers.go:76.2,77.29 2 1
gitlab.inspr.dev/inspr/core/pkg/sidecar/server/handlers.go:82.2,82.41 1 1
gitlab.inspr.dev/inspr/core/pkg/sidecar/server/handlers.go:64.62,67.3 2 1
gitlab.inspr.dev/inspr/core/pkg/sidecar/server/handlers.go:71.52,74.3 2 1
gitlab.inspr.dev/inspr/core/pkg/sidecar/server/handlers.go:77.29,80.3 2 1
gitlab.inspr.dev/inspr/core/pkg/sidecar/server/handlers.go:86.88,91.62 4 1
gitlab.inspr.dev/inspr/core/pkg/sidecar/server/handlers.go:96.2,98.52 2 1
gitlab.inspr.dev/inspr/core/pkg/sidecar/server/handlers.go:103.2,103.62 1 1
gitlab.inspr.dev/inspr/core/pkg/sidecar/server/handlers.go:91.62,94.3 2 1
gitlab.inspr.dev/inspr/core/pkg/sidecar/server/handlers.go:98.52,101.3 2 1
gitlab.inspr.dev/inspr/core/pkg/sidecar/server/handlers.go:103.62,105.3 1 1
gitlab.inspr.dev/inspr/core/pkg/sidecar/server/handlers.go:110.63,112.32 2 1
gitlab.inspr.dev/inspr/core/pkg/sidecar/server/handlers.go:118.2,118.15 1 1
gitlab.inspr.dev/inspr/core/pkg/sidecar/server/handlers.go:112.32,113.19 1 1
gitlab.inspr.dev/inspr/core/pkg/sidecar/server/handlers.go:113.19,115.9 2 1
