mode: set
gitlab.inspr.dev/inspr/core/pkg/ierrors/error.go:16.39,18.2 1 1
gitlab.inspr.dev/inspr/core/pkg/ierrors/error.go:21.29,25.2 1 1
gitlab.inspr.dev/inspr/core/pkg/ierrors/error.go:28.45,31.2 2 1
gitlab.inspr.dev/inspr/core/pkg/ierrors/error.go:34.50,37.2 2 1
gitlab.inspr.dev/inspr/core/pkg/ierrors/error.go:40.47,43.2 2 1
gitlab.inspr.dev/inspr/core/pkg/ierrors/error.go:46.51,49.2 2 1
gitlab.inspr.dev/inspr/core/pkg/ierrors/error.go:52.48,55.2 2 1
gitlab.inspr.dev/inspr/core/pkg/ierrors/error.go:58.47,61.2 2 1
gitlab.inspr.dev/inspr/core/pkg/ierrors/error.go:64.51,67.2 2 1
gitlab.inspr.dev/inspr/core/pkg/ierrors/error.go:70.55,73.2 2 1
gitlab.inspr.dev/inspr/core/pkg/ierrors/error.go:76.54,79.2 2 1
gitlab.inspr.dev/inspr/core/pkg/ierrors/error.go:82.56,85.2 2 1
gitlab.inspr.dev/inspr/core/pkg/ierrors/error.go:88.42,90.2 1 1
gitlab.inspr.dev/inspr/core/pkg/ierrors/error.go:93.46,95.9 2 1
gitlab.inspr.dev/inspr/core/pkg/ierrors/error.go:98.2,98.27 1 1
gitlab.inspr.dev/inspr/core/pkg/ierrors/error.go:95.9,97.3 1 0
gitlab.inspr.dev/inspr/core/pkg/ierrors/error.go:102.58,104.2 1 1
