mode: set
gitlab.inspr.dev/inspr/core/pkg/sidecar/server/server.go:26.57,35.2 4 1
gitlab.inspr.dev/inspr/core/pkg/sidecar/server/server.go:38.31,45.2 4 1
gitlab.inspr.dev/inspr/core/pkg/sidecar/server/server.go:48.43,61.16 5 1
gitlab.inspr.dev/inspr/core/pkg/sidecar/server/server.go:66.2,66.12 1 1
gitlab.inspr.dev/inspr/core/pkg/sidecar/server/server.go:72.2,73.9 2 1
gitlab.inspr.dev/inspr/core/pkg/sidecar/server/server.go:61.16,64.3 2 0
gitlab.inspr.dev/inspr/core/pkg/sidecar/server/server.go:66.12,67.78 1 1
gitlab.inspr.dev/inspr/core/pkg/sidecar/server/server.go:67.78,69.4 1 0
gitlab.inspr.dev/inspr/core/pkg/sidecar/server/server.go:74.20,80.53 4 1
gitlab.inspr.dev/inspr/core/pkg/sidecar/server/server.go:84.3,85.17 2 0
gitlab.inspr.dev/inspr/core/pkg/sidecar/server/server.go:89.3,90.34 2 0
gitlab.inspr.dev/inspr/core/pkg/sidecar/server/server.go:93.3,93.9 1 0
gitlab.inspr.dev/inspr/core/pkg/sidecar/server/server.go:80.53,82.4 1 0
gitlab.inspr.dev/inspr/core/pkg/sidecar/server/server.go:85.17,87.4 1 0
gitlab.inspr.dev/inspr/core/pkg/sidecar/server/server.go:90.34,92.4 1 0
gitlab.inspr.dev/inspr/core/pkg/sidecar/transports/unix.go:9.51,12.49 1 1
gitlab.inspr.dev/inspr/core/pkg/sidecar/transports/unix.go:12.49,14.5 1 1
gitlab.inspr.dev/inspr/core/pkg/sidecar/server/handlers.go:31.89,38.2 1 1
gitlab.inspr.dev/inspr/core/pkg/sidecar/server/handlers.go:41.87,46.62 4 1
gitlab.inspr.dev/inspr/core/pkg/sidecar/server/handlers.go:52.2,54.52 2 1
gitlab.inspr.dev/inspr/core/pkg/sidecar/server/handlers.go:60.2,60.70 1 1
gitlab.inspr.dev/inspr/core/pkg/sidecar/server/handlers.go:46.62,50.3 3 1
gitlab.inspr.dev/inspr/core/pkg/sidecar/server/handlers.go:54.52,58.3 3 1
gitlab.inspr.dev/inspr/core/pkg/sidecar/server/handlers.go:60.70,63.3 2 1
gitlab.inspr.dev/inspr/core/pkg/sidecar/server/handlers.go:67.86,73.62 4 1
gitlab.inspr.dev/inspr/core/pkg/sidecar/server/handlers.go:79.2,81.52 2 1
gitlab.inspr.dev/inspr/core/pkg/sidecar/server/handlers.go:87.2,88.16 2 1
gitlab.inspr.dev/inspr/core/pkg/sidecar/server/handlers.go:94.2,94.41 1 1
gitlab.inspr.dev/inspr/core/pkg/sidecar/server/handlers.go:73.62,77.3 3 1
gitlab.inspr.dev/inspr/core/pkg/sidecar/server/handlers.go:81.52,85.3 3 1
gitlab.inspr.dev/inspr/core/pkg/sidecar/server/handlers.go:88.16,92.3 3 1
gitlab.inspr.dev/inspr/core/pkg/sidecar/server/handlers.go:98.88,103.62 4 1
gitlab.inspr.dev/inspr/core/pkg/sidecar/server/handlers.go:109.2,111.52 2 1
gitlab.inspr.dev/inspr/core/pkg/sidecar/server/handlers.go:117.2,117.57 1 1
gitlab.inspr.dev/inspr/core/pkg/sidecar/server/handlers.go:103.62,107.3 3 1
gitlab.inspr.dev/inspr/core/pkg/sidecar/server/handlers.go:111.52,115.3 3 1
gitlab.inspr.dev/inspr/core/pkg/sidecar/server/handlers.go:117.57,120.3 2 1
gitlab.inspr.dev/inspr/core/pkg/sidecar/server/handlers.go:125.63,127.32 2 1
gitlab.inspr.dev/inspr/core/pkg/sidecar/server/handlers.go:133.2,133.15 1 1
gitlab.inspr.dev/inspr/core/pkg/sidecar/server/handlers.go:127.32,128.19 1 1
gitlab.inspr.dev/inspr/core/pkg/sidecar/server/handlers.go:128.19,130.9 2 1
gitlab.inspr.dev/inspr/core/pkg/sidecar/server/mocks.go:10.36,16.2 1 1
gitlab.inspr.dev/inspr/core/pkg/sidecar/server/mocks.go:25.82,26.19 1 1
gitlab.inspr.dev/inspr/core/pkg/sidecar/server/mocks.go:29.2,29.54 1 1
gitlab.inspr.dev/inspr/core/pkg/sidecar/server/mocks.go:26.19,28.3 1 1
gitlab.inspr.dev/inspr/core/pkg/sidecar/server/mocks.go:32.59,33.19 1 1
gitlab.inspr.dev/inspr/core/pkg/sidecar/server/mocks.go:36.2,36.12 1 1
gitlab.inspr.dev/inspr/core/pkg/sidecar/server/mocks.go:33.19,35.3 1 1
gitlab.inspr.dev/inspr/core/pkg/sidecar/server/mocks.go:39.75,40.19 1 1
gitlab.inspr.dev/inspr/core/pkg/sidecar/server/mocks.go:43.2,43.12 1 1
gitlab.inspr.dev/inspr/core/pkg/sidecar/server/mocks.go:40.19,42.3 1 1
