mode: set
gitlab.inspr.dev/inspr/core/pkg/sidecar/sidecar_server/handlers.go:22.56,24.2 1 1
gitlab.inspr.dev/inspr/core/pkg/sidecar/sidecar_server/handlers.go:27.87,34.46 5 1
gitlab.inspr.dev/inspr/core/pkg/sidecar/sidecar_server/handlers.go:39.2,41.52 2 1
gitlab.inspr.dev/inspr/core/pkg/sidecar/sidecar_server/handlers.go:46.2,46.75 1 1
gitlab.inspr.dev/inspr/core/pkg/sidecar/sidecar_server/handlers.go:34.46,37.3 2 1
gitlab.inspr.dev/inspr/core/pkg/sidecar/sidecar_server/handlers.go:41.52,44.3 2 1
gitlab.inspr.dev/inspr/core/pkg/sidecar/sidecar_server/handlers.go:46.75,48.3 1 1
gitlab.inspr.dev/inspr/core/pkg/sidecar/sidecar_server/handlers.go:52.86,59.46 5 1
gitlab.inspr.dev/inspr/core/pkg/sidecar/sidecar_server/handlers.go:64.2,66.52 2 1
gitlab.inspr.dev/inspr/core/pkg/sidecar/sidecar_server/handlers.go:71.2,72.16 2 1
gitlab.inspr.dev/inspr/core/pkg/sidecar/sidecar_server/handlers.go:78.2,78.34 1 1
gitlab.inspr.dev/inspr/core/pkg/sidecar/sidecar_server/handlers.go:59.46,62.3 2 1
gitlab.inspr.dev/inspr/core/pkg/sidecar/sidecar_server/handlers.go:66.52,69.3 2 1
gitlab.inspr.dev/inspr/core/pkg/sidecar/sidecar_server/handlers.go:72.16,75.3 2 1
gitlab.inspr.dev/inspr/core/pkg/sidecar/sidecar_server/handlers.go:82.88,89.46 5 1
gitlab.inspr.dev/inspr/core/pkg/sidecar/sidecar_server/handlers.go:94.2,96.52 2 1
gitlab.inspr.dev/inspr/core/pkg/sidecar/sidecar_server/handlers.go:101.2,101.62 1 1
gitlab.inspr.dev/inspr/core/pkg/sidecar/sidecar_server/handlers.go:89.46,92.3 2 1
gitlab.inspr.dev/inspr/core/pkg/sidecar/sidecar_server/handlers.go:96.52,99.3 2 1
gitlab.inspr.dev/inspr/core/pkg/sidecar/sidecar_server/handlers.go:101.62,103.3 1 1
gitlab.inspr.dev/inspr/core/pkg/sidecar/sidecar_server/handlers.go:108.63,110.32 2 1
gitlab.inspr.dev/inspr/core/pkg/sidecar/sidecar_server/handlers.go:116.2,116.15 1 1
gitlab.inspr.dev/inspr/core/pkg/sidecar/sidecar_server/handlers.go:110.32,111.19 1 1
gitlab.inspr.dev/inspr/core/pkg/sidecar/sidecar_server/handlers.go:111.19,113.9 2 1
gitlab.inspr.dev/inspr/core/pkg/sidecar/sidecar_server/mocks.go:9.36,15.2 1 1
gitlab.inspr.dev/inspr/core/pkg/sidecar/sidecar_server/mocks.go:24.75,25.19 1 1
gitlab.inspr.dev/inspr/core/pkg/sidecar/sidecar_server/mocks.go:33.2,38.8 1 1
gitlab.inspr.dev/inspr/core/pkg/sidecar/sidecar_server/mocks.go:25.19,32.3 1 1
gitlab.inspr.dev/inspr/core/pkg/sidecar/sidecar_server/mocks.go:41.59,42.19 1 1
gitlab.inspr.dev/inspr/core/pkg/sidecar/sidecar_server/mocks.go:45.2,45.12 1 1
gitlab.inspr.dev/inspr/core/pkg/sidecar/sidecar_server/mocks.go:42.19,44.3 1 1
gitlab.inspr.dev/inspr/core/pkg/sidecar/sidecar_server/mocks.go:48.78,49.19 1 1
gitlab.inspr.dev/inspr/core/pkg/sidecar/sidecar_server/mocks.go:52.2,52.12 1 1
gitlab.inspr.dev/inspr/core/pkg/sidecar/sidecar_server/mocks.go:49.19,51.3 1 1
gitlab.inspr.dev/inspr/core/pkg/sidecar/sidecar_server/server.go:27.57,36.2 4 1
gitlab.inspr.dev/inspr/core/pkg/sidecar/sidecar_server/server.go:39.31,46.2 4 1
gitlab.inspr.dev/inspr/core/pkg/sidecar/sidecar_server/server.go:49.43,67.16 4 0
gitlab.inspr.dev/inspr/core/pkg/sidecar/sidecar_server/server.go:72.2,72.12 1 0
gitlab.inspr.dev/inspr/core/pkg/sidecar/sidecar_server/server.go:78.2,83.15 5 0
gitlab.inspr.dev/inspr/core/pkg/sidecar/sidecar_server/server.go:87.2,87.52 1 0
gitlab.inspr.dev/inspr/core/pkg/sidecar/sidecar_server/server.go:91.2,92.16 2 0
gitlab.inspr.dev/inspr/core/pkg/sidecar/sidecar_server/server.go:96.2,97.33 2 0
gitlab.inspr.dev/inspr/core/pkg/sidecar/sidecar_server/server.go:100.2,100.8 1 0
gitlab.inspr.dev/inspr/core/pkg/sidecar/sidecar_server/server.go:67.16,70.3 2 0
gitlab.inspr.dev/inspr/core/pkg/sidecar/sidecar_server/server.go:72.12,73.78 1 0
gitlab.inspr.dev/inspr/core/pkg/sidecar/sidecar_server/server.go:73.78,75.4 1 0
gitlab.inspr.dev/inspr/core/pkg/sidecar/sidecar_server/server.go:83.15,85.3 1 0
gitlab.inspr.dev/inspr/core/pkg/sidecar/sidecar_server/server.go:87.52,89.3 1 0
gitlab.inspr.dev/inspr/core/pkg/sidecar/sidecar_server/server.go:92.16,94.3 1 0
gitlab.inspr.dev/inspr/core/pkg/sidecar/sidecar_server/server.go:97.33,99.3 1 0
